"../../../Engine/Content/EngineMaterials/T_Default_Material_Grid_N.uasset" 0
"../../../Engine/Content/EngineMaterials/T_Default_Material_Grid_N.uexp" 1
"../../../Engine/Content/EngineMaterials/T_Default_Material_Grid_N.ubulk" 2
"../../../Engine/Content/EngineMaterials/T_Default_Material_Grid_M.uasset" 3
"../../../Engine/Content/EngineMaterials/T_Default_Material_Grid_M.uexp" 4
"../../../Engine/Content/EngineMaterials/T_Default_Material_Grid_M.ubulk" 5
"../../../Engine/Content/Functions/Engine_MaterialFunctions01/Opacity/CameraDepthFade.uasset" 6
"../../../Engine/Content/Functions/Engine_MaterialFunctions01/Opacity/CameraDepthFade.uexp" 7
"../../../Engine/Content/EngineMaterials/WorldGridMaterial.uasset" 8
"../../../Engine/Content/EngineMaterials/WorldGridMaterial.uexp" 9
"../../../Engine/Content/ArtTools/RenderToTexture/Meshes/S_1_Unit_Plane.uasset" 10
"../../../Engine/Content/ArtTools/RenderToTexture/Meshes/S_1_Unit_Plane.uexp" 11
"../../../Engine/Content/EngineMaterials/DefaultMaterial.uasset" 12
"../../../Engine/Content/EngineMaterials/DefaultMaterial.uexp" 13
"../../../Engine/Content/BasicShapes/Cone.uasset" 14
"../../../Engine/Content/BasicShapes/Cone.uexp" 15
"../../../Engine/Content/BasicShapes/Cube.uasset" 16
"../../../Engine/Content/BasicShapes/Cube.uexp" 17
"../../../Engine/Content/BasicShapes/Plane.uasset" 18
"../../../Engine/Content/BasicShapes/Plane.uexp" 19
"../../../Engine/Content/BasicShapes/Sphere.uasset" 20
"../../../Engine/Content/BasicShapes/Sphere.uexp" 21
"../../../Engine/Content/EditorLandscapeResources/DataLayer.uasset" 22
"../../../Engine/Content/EditorLandscapeResources/DataLayer.uexp" 23
"../../../Engine/Content/EditorLandscapeResources/DefaultAlphaTexture.uasset" 24
"../../../Engine/Content/EditorLandscapeResources/DefaultAlphaTexture.uexp" 25
"../../../Engine/Content/EditorMaterials/MAT_Groups_Toggle.uasset" 26
"../../../Engine/Content/EditorMaterials/MAT_Groups_Toggle.uexp" 27
"../../../Engine/Content/EditorMaterials/MAT_Groups_Visibility.uasset" 28
"../../../Engine/Content/EditorMaterials/MAT_Groups_Visibility.uexp" 29
"../../../Engine/Content/EditorMaterials/PreviewShadowIndicator.uasset" 30
"../../../Engine/Content/EditorMaterials/PreviewShadowIndicator.uexp" 31
"../../../Engine/Content/EditorMaterials/PreviewShadowIndicator.ubulk" 32
"../../../Engine/Content/EditorMaterials/PreviewShadowIndicatorMaterial.uasset" 33
"../../../Engine/Content/EditorMaterials/PreviewShadowIndicatorMaterial.uexp" 34
"../../../Engine/Content/EditorMaterials/AssetViewer/EpicQuadPanorama_CC+EV1.uasset" 35
"../../../Engine/Content/EditorMaterials/AssetViewer/EpicQuadPanorama_CC+EV1.uexp" 36
"../../../Engine/Content/EditorMaterials/MatineeGroups/MAT_ColorTrack.uasset" 37
"../../../Engine/Content/EditorMaterials/MatineeGroups/MAT_ColorTrack.uexp" 38
"../../../Engine/Content/EditorMaterials/MatineeGroups/MAT_Groups_Anim.uasset" 39
"../../../Engine/Content/EditorMaterials/MatineeGroups/MAT_Groups_Anim.uexp" 40
"../../../Engine/Content/EditorMaterials/MatineeGroups/MAT_Groups_AudioMaster.uasset" 41
"../../../Engine/Content/EditorMaterials/MatineeGroups/MAT_Groups_AudioMaster.uexp" 42
"../../../Engine/Content/EditorMaterials/MatineeGroups/MAT_Groups_Director.uasset" 43
"../../../Engine/Content/EditorMaterials/MatineeGroups/MAT_Groups_Director.uexp" 44
"../../../Engine/Content/EditorMaterials/MatineeGroups/MAT_Groups_Event.uasset" 45
"../../../Engine/Content/EditorMaterials/MatineeGroups/MAT_Groups_Event.uexp" 46
"../../../Engine/Content/EditorMaterials/MatineeGroups/MAT_Groups_Fade.uasset" 47
"../../../Engine/Content/EditorMaterials/MatineeGroups/MAT_Groups_Fade.uexp" 48
"../../../Engine/Content/EditorMaterials/MatineeGroups/MAT_Groups_Float.uasset" 49
"../../../Engine/Content/EditorMaterials/MatineeGroups/MAT_Groups_Float.uexp" 50
"../../../Engine/Content/EditorMaterials/MatineeGroups/MAT_Groups_Move.uasset" 51
"../../../Engine/Content/EditorMaterials/MatineeGroups/MAT_Groups_Move.uexp" 52
"../../../Engine/Content/EditorMaterials/MatineeGroups/MAT_Groups_Slomo.uasset" 53
"../../../Engine/Content/EditorMaterials/MatineeGroups/MAT_Groups_Slomo.uexp" 54
"../../../Engine/Content/EditorMaterials/MatineeGroups/MAT_Groups_Sound.uasset" 55
"../../../Engine/Content/EditorMaterials/MatineeGroups/MAT_Groups_Sound.uexp" 56
"../../../Engine/Content/EditorMaterials/MatineeGroups/MAT_Groups_Vector.uasset" 57
"../../../Engine/Content/EditorMaterials/MatineeGroups/MAT_Groups_Vector.uexp" 58
"../../../Engine/Content/EditorMaterials/ParticleSystems/PSysThumbnail_NoImage.uasset" 59
"../../../Engine/Content/EditorMaterials/ParticleSystems/PSysThumbnail_NoImage.uexp" 60
"../../../Engine/Content/EditorMaterials/ParticleSystems/PSysThumbnail_NoImage.ubulk" 61
"../../../Engine/Content/EditorMaterials/ParticleSystems/PSysThumbnail_OOD.uasset" 62
"../../../Engine/Content/EditorMaterials/ParticleSystems/PSysThumbnail_OOD.uexp" 63
"../../../Engine/Content/EditorMaterials/ParticleSystems/PSysThumbnail_OOD.ubulk" 64
"../../../Engine/Content/EditorMaterials/Camera/CineMat.uasset" 65
"../../../Engine/Content/EditorMaterials/Camera/CineMat.uexp" 66
"../../../Engine/Content/EditorMaterials/Camera/MI_CineMat_Rig.uasset" 67
"../../../Engine/Content/EditorMaterials/Camera/MI_CineMat_Rig.uexp" 68
"../../../Engine/Content/EditorMeshes/Camera/SM_CraneRig_Arm.uasset" 69
"../../../Engine/Content/EditorMeshes/Camera/SM_CraneRig_Arm.uexp" 70
"../../../Engine/Content/EditorMeshes/Camera/SM_CraneRig_Base.uasset" 71
"../../../Engine/Content/EditorMeshes/Camera/SM_CraneRig_Base.uexp" 72
"../../../Engine/Content/EditorMeshes/Camera/SM_CraneRig_Body.uasset" 73
"../../../Engine/Content/EditorMeshes/Camera/SM_CraneRig_Body.uexp" 74
"../../../Engine/Content/EditorMeshes/Camera/SM_CraneRig_Mount.uasset" 75
"../../../Engine/Content/EditorMeshes/Camera/SM_CraneRig_Mount.uexp" 76
"../../../Engine/Content/EditorMeshes/Camera/SM_RailRig_Mount.uasset" 77
"../../../Engine/Content/EditorMeshes/Camera/SM_RailRig_Mount.uexp" 78
"../../../Engine/Content/EditorMeshes/Camera/SM_RailRig_Track.uasset" 79
"../../../Engine/Content/EditorMeshes/Camera/SM_RailRig_Track.uexp" 80
"../../../Engine/Content/EditorResources/BSPVertex.uasset" 81
"../../../Engine/Content/EditorResources/BSPVertex.uexp" 82
"../../../Engine/Content/EditorResources/EmptyActor.uasset" 83
"../../../Engine/Content/EditorResources/EmptyActor.uexp" 84
"../../../Engine/Content/EditorResources/S_Actor.uasset" 85
"../../../Engine/Content/EditorResources/S_Actor.uexp" 86
"../../../Engine/Content/EditorResources/S_Actor.ubulk" 87
"../../../Engine/Content/EditorResources/S_Note.uasset" 88
"../../../Engine/Content/EditorResources/S_Note.uexp" 89
"../../../Engine/Content/EditorResources/S_Note.ubulk" 90
"../../../Engine/Content/EditorResources/S_Solver.uasset" 91
"../../../Engine/Content/EditorResources/S_Solver.uexp" 92
"../../../Engine/Content/EditorResources/S_Solver.ubulk" 93
"../../../Engine/Content/EditorResources/S_Terrain.uasset" 94
"../../../Engine/Content/EditorResources/S_Terrain.uexp" 95
"../../../Engine/Content/EditorResources/S_Terrain.ubulk" 96
"../../../Engine/Content/EditorResources/S_Trigger.uasset" 97
"../../../Engine/Content/EditorResources/S_Trigger.uexp" 98
"../../../Engine/Content/EditorResources/S_Trigger.ubulk" 99
"../../../Engine/Content/EditorResources/AudioIcons/S_AudioComponent.uasset" 100
"../../../Engine/Content/EditorResources/AudioIcons/S_AudioComponent.uexp" 101
"../../../Engine/Content/EditorResources/AudioIcons/S_AudioComponent.ubulk" 102
"../../../Engine/Content/EditorResources/LightIcons/S_LightError.uasset" 103
"../../../Engine/Content/EditorResources/LightIcons/S_LightError.uexp" 104
"../../../Engine/Content/EditorResources/SequenceRecorder/Countdown.uasset" 105
"../../../Engine/Content/EditorResources/SequenceRecorder/Countdown.uexp" 106
"../../../Engine/Content/EditorResources/SequenceRecorder/RecordingIndicator.uasset" 107
"../../../Engine/Content/EditorResources/SequenceRecorder/RecordingIndicator.uexp" 108
"../../../Engine/Content/EngineDamageTypes/DmgTypeBP_Environmental.uasset" 109
"../../../Engine/Content/EngineDamageTypes/DmgTypeBP_Environmental.uexp" 110
"../../../Engine/Content/EngineDebugMaterials/DebugEditorMaterial.uasset" 111
"../../../Engine/Content/EngineDebugMaterials/DebugEditorMaterial.uexp" 112
"../../../Engine/Content/EngineDebugMaterials/DebugMeshMaterial.uasset" 113
"../../../Engine/Content/EngineDebugMaterials/DebugMeshMaterial.uexp" 114
"../../../Engine/Content/EngineDebugMaterials/M_SimpleUnlitTranslucent.uasset" 115
"../../../Engine/Content/EngineDebugMaterials/M_SimpleUnlitTranslucent.uexp" 116
"../../../Engine/Content/EngineDebugMaterials/VolumeToRender.uasset" 117
"../../../Engine/Content/EngineDebugMaterials/VolumeToRender.uexp" 118
"../../../Engine/Content/Functions/Engine_MaterialFunctions02/Utility/CameraDirectionVector.uasset" 119
"../../../Engine/Content/Functions/Engine_MaterialFunctions02/Utility/CameraDirectionVector.uexp" 120
"../../../Engine/Content/EngineDebugMaterials/M_VolumeRenderSphereTracePP.uasset" 121
"../../../Engine/Content/EngineDebugMaterials/M_VolumeRenderSphereTracePP.uexp" 122
"../../../Engine/Content/Functions/Engine_MaterialFunctions01/Shading/ConvertFromDiffSpec.uasset" 123
"../../../Engine/Content/Functions/Engine_MaterialFunctions01/Shading/ConvertFromDiffSpec.uexp" 124
"../../../Engine/Content/EngineDebugMaterials/VertexColorMaterial.uasset" 125
"../../../Engine/Content/EngineDebugMaterials/VertexColorMaterial.uexp" 126
"../../../Engine/Content/EngineDebugMaterials/WireframeMaterial.uasset" 127
"../../../Engine/Content/EngineDebugMaterials/WireframeMaterial.uexp" 128
"../../../Engine/Content/EngineFonts/Faces/RobotoRegular.uasset" 129
"../../../Engine/Content/EngineFonts/Faces/RobotoRegular.uexp" 130
"../../../Engine/Content/EngineFonts/Faces/RobotoRegular.ufont" 131
"../../../Engine/Content/EngineFonts/Faces/RobotoLight.uasset" 132
"../../../Engine/Content/EngineFonts/Faces/RobotoLight.uexp" 133
"../../../Engine/Content/EngineFonts/Faces/RobotoLight.ufont" 134
"../../../Engine/Content/EngineFonts/Faces/RobotoItalic.uasset" 135
"../../../Engine/Content/EngineFonts/Faces/RobotoItalic.uexp" 136
"../../../Engine/Content/EngineFonts/Faces/RobotoItalic.ufont" 137
"../../../Engine/Content/EngineFonts/Faces/RobotoBoldItalic.uasset" 138
"../../../Engine/Content/EngineFonts/Faces/RobotoBoldItalic.uexp" 139
"../../../Engine/Content/EngineFonts/Faces/RobotoBoldItalic.ufont" 140
"../../../Engine/Content/EngineFonts/Faces/RobotoBold.uasset" 141
"../../../Engine/Content/EngineFonts/Faces/RobotoBold.uexp" 142
"../../../Engine/Content/EngineFonts/Faces/RobotoBold.ufont" 143
"../../../Engine/Content/EngineFonts/Faces/DroidSansFallback.uasset" 144
"../../../Engine/Content/EngineFonts/Faces/DroidSansFallback.uexp" 145
"../../../Engine/Content/EngineFonts/Faces/DroidSansFallback.ufont" 146
"../../../Engine/Content/EngineFonts/Roboto.uasset" 147
"../../../Engine/Content/EngineFonts/Roboto.uexp" 148
"../../../Engine/Content/EngineMaterials/BaseFlattenGrayscaleMap.uasset" 149
"../../../Engine/Content/EngineMaterials/BaseFlattenGrayscaleMap.uexp" 150
"../../../Engine/Content/EngineMaterials/BaseFlattenEmissiveMap.uasset" 151
"../../../Engine/Content/EngineMaterials/BaseFlattenEmissiveMap.uexp" 152
"../../../Engine/Content/EngineMaterials/BaseFlattenDiffuseMap.uasset" 153
"../../../Engine/Content/EngineMaterials/BaseFlattenDiffuseMap.uexp" 154
"../../../Engine/Content/EngineMaterials/BaseFlattenNormalMap.uasset" 155
"../../../Engine/Content/EngineMaterials/BaseFlattenNormalMap.uexp" 156
"../../../Engine/Content/EngineMaterials/BaseFlattenMaterial.uasset" 157
"../../../Engine/Content/EngineMaterials/BaseFlattenMaterial.uexp" 158
"../../../Engine/Content/EngineMaterials/BlueNoise.uasset" 159
"../../../Engine/Content/EngineMaterials/BlueNoise.uexp" 160
"../../../Engine/Content/EngineMaterials/DefaultBloomKernel.uasset" 161
"../../../Engine/Content/EngineMaterials/DefaultBloomKernel.uexp" 162
"../../../Engine/Content/EngineMaterials/DefaultBokeh.uasset" 163
"../../../Engine/Content/EngineMaterials/DefaultBokeh.uexp" 164
"../../../Engine/Content/EngineMaterials/DefaultDiffuse.uasset" 165
"../../../Engine/Content/EngineMaterials/DefaultDiffuse.uexp" 166
"../../../Engine/Content/EngineMaterials/DefaultDiffuse.ubulk" 167
"../../../Engine/Content/EngineMaterials/DefaultDeferredDecalMaterial.uasset" 168
"../../../Engine/Content/EngineMaterials/DefaultDeferredDecalMaterial.uexp" 169
"../../../Engine/Content/EngineMaterials/DefaultLightFunctionMaterial.uasset" 170
"../../../Engine/Content/EngineMaterials/DefaultLightFunctionMaterial.uexp" 171
"../../../Engine/Content/EngineMaterials/DefaultPhysicalMaterial.uasset" 172
"../../../Engine/Content/EngineMaterials/DefaultPhysicalMaterial.uexp" 173
"../../../Engine/Content/Functions/Engine_MaterialFunctions02/Utility/BreakOutFloat2Components.uasset" 174
"../../../Engine/Content/Functions/Engine_MaterialFunctions02/Utility/BreakOutFloat2Components.uexp" 175
"../../../Engine/Content/EngineMaterials/DefaultPostProcessMaterial.uasset" 176
"../../../Engine/Content/EngineMaterials/DefaultPostProcessMaterial.uexp" 177
"../../../Engine/Content/EngineFonts/RobotoDistanceField.uasset" 178
"../../../Engine/Content/EngineFonts/RobotoDistanceField.uexp" 179
"../../../Engine/Content/EngineMaterials/DefaultTextMaterialOpaque.uasset" 180
"../../../Engine/Content/EngineMaterials/DefaultTextMaterialOpaque.uexp" 181
"../../../Engine/Content/EngineMaterials/DefaultWhiteGrid.uasset" 182
"../../../Engine/Content/EngineMaterials/DefaultWhiteGrid.uexp" 183
"../../../Engine/Content/EngineMaterials/DefaultWhiteGrid.ubulk" 184
"../../../Engine/Content/EngineMaterials/DefaultWhiteGrid_Low.uasset" 185
"../../../Engine/Content/EngineMaterials/DefaultWhiteGrid_Low.uexp" 186
"../../../Engine/Content/EngineMaterials/EmissiveMeshMaterial.uasset" 187
"../../../Engine/Content/EngineMaterials/EmissiveMeshMaterial.uexp" 188
"../../../Engine/Content/EngineMaterials/GizmoMaterial.uasset" 189
"../../../Engine/Content/EngineMaterials/GizmoMaterial.uexp" 190
"../../../Engine/Content/EngineMaterials/Good64x64TilingNoiseHighFreq.uasset" 191
"../../../Engine/Content/EngineMaterials/Good64x64TilingNoiseHighFreq.uexp" 192
"../../../Engine/Content/EngineMaterials/MiniFont.uasset" 193
"../../../Engine/Content/EngineMaterials/MiniFont.uexp" 194
"../../../Engine/Content/EngineMaterials/InvalidLightmapSettings.uasset" 195
"../../../Engine/Content/EngineMaterials/InvalidLightmapSettings.uexp" 196
"../../../Engine/Content/EngineMaterials/InvalidLightmapSettings.ubulk" 197
"../../../Engine/Content/EngineMaterials/M_InvalidLightmapSettings.uasset" 198
"../../../Engine/Content/EngineMaterials/M_InvalidLightmapSettings.uexp" 199
"../../../Engine/Content/Functions/Engine_MaterialFunctions02/WorldPositionOffset/CameraOffset.uasset" 200
"../../../Engine/Content/Functions/Engine_MaterialFunctions02/WorldPositionOffset/CameraOffset.uexp" 201
"../../../Engine/Content/EngineMaterials/PhAT_JointLimitMaterial.uasset" 202
"../../../Engine/Content/EngineMaterials/PhAT_JointLimitMaterial.uexp" 203
"../../../Engine/Content/EngineMaterials/DefaultCalibrationColor.uasset" 204
"../../../Engine/Content/EngineMaterials/DefaultCalibrationColor.uexp" 205
"../../../Engine/Content/EngineMaterials/PPM_DefaultCalibrationColor.uasset" 206
"../../../Engine/Content/EngineMaterials/PPM_DefaultCalibrationColor.uexp" 207
"../../../Engine/Content/EngineMaterials/DefaultCalibrationGrayscale.uasset" 208
"../../../Engine/Content/EngineMaterials/DefaultCalibrationGrayscale.uexp" 209
"../../../Engine/Content/EngineMaterials/PPM_DefaultCalibrationGrayscale.uasset" 210
"../../../Engine/Content/EngineMaterials/PPM_DefaultCalibrationGrayscale.uexp" 211
"../../../Engine/Content/EngineMaterials/PreintegratedSkinBRDF.uasset" 212
"../../../Engine/Content/EngineMaterials/PreintegratedSkinBRDF.uexp" 213
"../../../Engine/Content/EngineMaterials/RemoveSurfaceMaterial.uasset" 214
"../../../Engine/Content/EngineMaterials/RemoveSurfaceMaterial.uexp" 215
"../../../Engine/Content/EngineMaterials/WeightMapPlaceholderTexture.uasset" 216
"../../../Engine/Content/EngineMaterials/WeightMapPlaceholderTexture.uexp" 217
"../../../Engine/Content/EngineResources/WhiteSquareTexture.uasset" 218
"../../../Engine/Content/EngineResources/WhiteSquareTexture.uexp" 219
"../../../Engine/Content/EngineMaterials/Widget3DPassThrough.uasset" 220
"../../../Engine/Content/EngineMaterials/Widget3DPassThrough.uexp" 221
"../../../Engine/Content/EngineMaterials/Widget3DPassThrough_Masked.uasset" 222
"../../../Engine/Content/EngineMaterials/Widget3DPassThrough_Masked.uexp" 223
"../../../Engine/Content/EngineMaterials/Widget3DPassThrough_Opaque.uasset" 224
"../../../Engine/Content/EngineMaterials/Widget3DPassThrough_Opaque.uexp" 225
"../../../Engine/Content/EngineMaterials/Widget3DPassThrough_Masked_OneSided.uasset" 226
"../../../Engine/Content/EngineMaterials/Widget3DPassThrough_Masked_OneSided.uexp" 227
"../../../Engine/Content/EngineMaterials/Widget3DPassThrough_Opaque_OneSided.uasset" 228
"../../../Engine/Content/EngineMaterials/Widget3DPassThrough_Opaque_OneSided.uexp" 229
"../../../Engine/Content/EngineMaterials/Widget3DPassThrough_Translucent.uasset" 230
"../../../Engine/Content/EngineMaterials/Widget3DPassThrough_Translucent.uexp" 231
"../../../Engine/Content/EngineMaterials/Widget3DPassThrough_Translucent_OneSided.uasset" 232
"../../../Engine/Content/EngineMaterials/Widget3DPassThrough_Translucent_OneSided.uexp" 233
"../../../Engine/Content/EngineMeshes/Cylinder.uasset" 234
"../../../Engine/Content/EngineMeshes/Cylinder.uexp" 235
"../../../Engine/Content/EngineMeshes/Sphere.uasset" 236
"../../../Engine/Content/EngineMeshes/Sphere.uexp" 237
"../../../Engine/Content/EngineResources/DefaultTextureCube.uasset" 238
"../../../Engine/Content/EngineResources/DefaultTextureCube.uexp" 239
"../../../Engine/Content/EngineResources/DefaultVolumeTexture2D.uasset" 240
"../../../Engine/Content/EngineResources/DefaultVolumeTexture2D.uexp" 241
"../../../Engine/Content/EngineResources/DefaultVolumeTexture.uasset" 242
"../../../Engine/Content/EngineResources/DefaultVolumeTexture.uexp" 243
"../../../Engine/Content/EngineResources/GradientTexture0.uasset" 244
"../../../Engine/Content/EngineResources/GradientTexture0.uexp" 245
"../../../Engine/Content/EngineSky/VolumetricClouds/T_NoiseShape64.uasset" 246
"../../../Engine/Content/EngineSky/VolumetricClouds/T_NoiseShape64.uexp" 247
"../../../Engine/Content/EngineSky/VolumetricClouds/T_NoiseShape64.ubulk" 248
"../../../Engine/Content/EngineSky/VolumetricClouds/T_VolumeNoiseShape64.uasset" 249
"../../../Engine/Content/EngineSky/VolumetricClouds/T_VolumeNoiseShape64.uexp" 250
"../../../Engine/Content/EngineSky/VolumetricClouds/T_NoiseErosion.uasset" 251
"../../../Engine/Content/EngineSky/VolumetricClouds/T_NoiseErosion.uexp" 252
"../../../Engine/Content/EngineSky/VolumetricClouds/T_NoiseErosion.ubulk" 253
"../../../Engine/Content/EngineSky/VolumetricClouds/T_VolumeNoiseErosion32.uasset" 254
"../../../Engine/Content/EngineSky/VolumetricClouds/T_VolumeNoiseErosion32.uexp" 255
"../../../Engine/Content/EngineSky/VolumetricClouds/CloudWeatherTexture.uasset" 256
"../../../Engine/Content/EngineSky/VolumetricClouds/CloudWeatherTexture.uexp" 257
"../../../Engine/Content/EngineSky/VolumetricClouds/CloudGradientTexture.uasset" 258
"../../../Engine/Content/EngineSky/VolumetricClouds/CloudGradientTexture.uexp" 259
"../../../Engine/Content/Functions/Engine_MaterialFunctions02/Utility/MakeFloat2.uasset" 260
"../../../Engine/Content/Functions/Engine_MaterialFunctions02/Utility/MakeFloat2.uexp" 261
"../../../Engine/Content/EngineSky/VolumetricClouds/m_SimpleVolumetricCloud.uasset" 262
"../../../Engine/Content/EngineSky/VolumetricClouds/m_SimpleVolumetricCloud.uexp" 263
"../../../Engine/Content/EngineSky/VolumetricClouds/m_SimpleVolumetricCloud_Inst.uasset" 264
"../../../Engine/Content/EngineSky/VolumetricClouds/m_SimpleVolumetricCloud_Inst.uexp" 265
"../../../Engine/Content/EngineSounds/Master.uasset" 266
"../../../Engine/Content/EngineSounds/Master.uexp" 267
"../../../Engine/Content/Functions/Engine_MaterialFunctions01/Shading/PowerToRoughness.uasset" 268
"../../../Engine/Content/Functions/Engine_MaterialFunctions01/Shading/PowerToRoughness.uexp" 269
"../../../Engine/Content/Maps/Templates/Thumbnails/Default.uasset" 270
"../../../Engine/Content/Maps/Templates/Thumbnails/Default.uexp" 271
"../../../Engine/Content/Maps/Templates/Thumbnails/TimeOfDay.uasset" 272
"../../../Engine/Content/Maps/Templates/Thumbnails/TimeOfDay.uexp" 273
"../../../Engine/Content/Maps/Templates/Thumbnails/VR-Basic.uasset" 274
"../../../Engine/Content/Maps/Templates/Thumbnails/VR-Basic.uexp" 275
"../../../Engine/Content/MobileResources/T_MobileControls_texture.uasset" 276
"../../../Engine/Content/MobileResources/T_MobileControls_texture.uexp" 277
"../../../Engine/Content/MobileResources/T_MobileMenu2.uasset" 278
"../../../Engine/Content/MobileResources/T_MobileMenu2.uexp" 279
"../../../Engine/Content/MobileResources/HUD/AnalogHat.uasset" 280
"../../../Engine/Content/MobileResources/HUD/AnalogHat.uexp" 281
"../../../Engine/Content/MobileResources/HUD/VirtualJoystick_Thumb.uasset" 282
"../../../Engine/Content/MobileResources/HUD/VirtualJoystick_Thumb.uexp" 283
"../../../Engine/Content/MobileResources/HUD/VirtualJoystick_Background.uasset" 284
"../../../Engine/Content/MobileResources/HUD/VirtualJoystick_Background.uexp" 285
"../../../Engine/Content/MobileResources/HUD/DefaultVirtualJoysticks.uasset" 286
"../../../Engine/Content/MobileResources/HUD/DefaultVirtualJoysticks.uexp" 287
"../../../Engine/Content/MobileResources/HUD/LeftVirtualJoystickOnly.uasset" 288
"../../../Engine/Content/MobileResources/HUD/LeftVirtualJoystickOnly.uexp" 289
"../../../Engine/Content/MobileResources/HUD/MobileHUDButton1_off.uasset" 290
"../../../Engine/Content/MobileResources/HUD/MobileHUDButton1_off.uexp" 291
"../../../Engine/Content/MobileResources/HUD/MobileHUDButton1_on.uasset" 292
"../../../Engine/Content/MobileResources/HUD/MobileHUDButton1_on.uexp" 293
"../../../Engine/Content/MobileResources/HUD/MobileHUDButton2_off.uasset" 294
"../../../Engine/Content/MobileResources/HUD/MobileHUDButton2_off.uexp" 295
"../../../Engine/Content/MobileResources/HUD/MobileHUDButton2_on.uasset" 296
"../../../Engine/Content/MobileResources/HUD/MobileHUDButton2_on.uexp" 297
"../../../Engine/Content/MobileResources/HUD/MobileHUDButton3.uasset" 298
"../../../Engine/Content/MobileResources/HUD/MobileHUDButton3.uexp" 299
"../../../Engine/Content/MobileResources/HUD/MobileHUDButtonFire.uasset" 300
"../../../Engine/Content/MobileResources/HUD/MobileHUDButtonFire.uexp" 301
"../../../Engine/Content/MobileResources/HUD/MobileHUDDirectionPad.uasset" 302
"../../../Engine/Content/MobileResources/HUD/MobileHUDDirectionPad.uexp" 303
"../../../Engine/Content/MobileResources/HUD/MobileHUDDirectionPad2.uasset" 304
"../../../Engine/Content/MobileResources/HUD/MobileHUDDirectionPad2.uexp" 305
"../../../Engine/Content/MobileResources/HUD/MobileHUDDirectionPad3.uasset" 306
"../../../Engine/Content/MobileResources/HUD/MobileHUDDirectionPad3.uexp" 307
"../../../Engine/Content/MobileResources/HUD/MobileHUDDirectionStick.uasset" 308
"../../../Engine/Content/MobileResources/HUD/MobileHUDDirectionStick.uexp" 309
"../../../Engine/Content/MobileResources/HUD/T_Castle_ThumbstickInner.uasset" 310
"../../../Engine/Content/MobileResources/HUD/T_Castle_ThumbstickInner.uexp" 311
"../../../Engine/Content/MobileResources/HUD/T_Castle_ThumbstickOutter.uasset" 312
"../../../Engine/Content/MobileResources/HUD/T_Castle_ThumbstickOutter.uexp" 313
"../../../Engine/Content/Tutorial/ContentIntroCurve.uasset" 314
"../../../Engine/Content/Tutorial/ContentIntroCurve.uexp" 315
"../../../Engine/Content/Tutorial/Basics/TutorialAssets/icon_tab_Levels_40x.uasset" 316
"../../../Engine/Content/Tutorial/Basics/TutorialAssets/icon_tab_Levels_40x.uexp" 317
"../../../Engine/Content/VREditor/TransformGizmo/TranslucentTransformGizmoMaterial.uasset" 318
"../../../Engine/Content/VREditor/TransformGizmo/TranslucentTransformGizmoMaterial.uexp" 319
"../../../Engine/Content/VREditor/LaserPointer/VR_LaserPower_01.uasset" 320
"../../../Engine/Content/VREditor/LaserPointer/VR_LaserPower_01.uexp" 321
"../../../Engine/Content/VREditor/LaserPointer/VR_LaserPower_01.ubulk" 322
"../../../Engine/Content/VREditor/TransformGizmo/TransformGizmoMaterial.uasset" 323
"../../../Engine/Content/VREditor/TransformGizmo/TransformGizmoMaterial.uexp" 324
"../../../Engine/Content/VREditor/TransformGizmo/BoundingBoxCorner.uasset" 325
"../../../Engine/Content/VREditor/TransformGizmo/BoundingBoxCorner.uexp" 326
"../../../Engine/Content/VREditor/TransformGizmo/BoundingBoxEdge.uasset" 327
"../../../Engine/Content/VREditor/TransformGizmo/BoundingBoxEdge.uexp" 328
"../../../Engine/Content/VREditor/TransformGizmo/PlaneTranslationHandle.uasset" 329
"../../../Engine/Content/VREditor/TransformGizmo/PlaneTranslationHandle.uexp" 330
"../../../Engine/Content/VREditor/TransformGizmo/Xray.uasset" 331
"../../../Engine/Content/VREditor/TransformGizmo/Xray.uexp" 332
"../../../Engine/Content/VREditor/TransformGizmo/Main.uasset" 333
"../../../Engine/Content/VREditor/TransformGizmo/Main.uexp" 334
"../../../Engine/Content/VREditor/TransformGizmo/SM_Sequencer_Key.uasset" 335
"../../../Engine/Content/VREditor/TransformGizmo/SM_Sequencer_Key.uexp" 336
"../../../Engine/Content/VREditor/TransformGizmo/SM_Sequencer_Node.uasset" 337
"../../../Engine/Content/VREditor/TransformGizmo/SM_Sequencer_Node.uexp" 338
"../../../Engine/Plugins/2D/Paper2D/Content/PlaceholderTextures/DummySpriteTexture.uasset" 339
"../../../Engine/Plugins/2D/Paper2D/Content/PlaceholderTextures/DummySpriteTexture.uexp" 340
"../../../Engine/Plugins/2D/Paper2D/Content/PlaceholderTextures/DummySpriteTexture.ubulk" 341
"../../../Engine/Plugins/2D/Paper2D/Content/DummySprite.uasset" 342
"../../../Engine/Plugins/2D/Paper2D/Content/DummySprite.uexp" 343
"../../../Engine/Plugins/2D/Paper2D/Content/DefaultPaperTerrainMaterial.uasset" 344
"../../../Engine/Plugins/2D/Paper2D/Content/DefaultPaperTerrainMaterial.uexp" 345
"../../../Engine/Plugins/2D/Paper2D/Content/DefaultSpriteMaterial.uasset" 346
"../../../Engine/Plugins/2D/Paper2D/Content/DefaultSpriteMaterial.uexp" 347
"../../../Engine/Plugins/2D/Paper2D/Content/MaskedUnlitSpriteMaterial.uasset" 348
"../../../Engine/Plugins/2D/Paper2D/Content/MaskedUnlitSpriteMaterial.uexp" 349
"../../../Engine/Plugins/2D/Paper2D/Content/OpaqueUnlitSpriteMaterial.uasset" 350
"../../../Engine/Plugins/2D/Paper2D/Content/OpaqueUnlitSpriteMaterial.uexp" 351
"../../../Engine/Content/Functions/Engine_MaterialFunctions02/ObjectLocalBounds.uasset" 352
"../../../Engine/Content/Functions/Engine_MaterialFunctions02/ObjectLocalBounds.uexp" 353
"../../../Engine/Content/Functions/Engine_MaterialFunctions02/Utility/BreakOutFloat3Components.uasset" 354
"../../../Engine/Content/Functions/Engine_MaterialFunctions02/Utility/BreakOutFloat3Components.uexp" 355
"../../../Engine/Plugins/Editor/SpeedTreeImporter/Content/SpeedTree9/UnpackInteger3.uasset" 356
"../../../Engine/Plugins/Editor/SpeedTreeImporter/Content/SpeedTree9/UnpackInteger3.uexp" 357
"../../../Engine/Plugins/Editor/SpeedTreeImporter/Content/SpeedTree9/UnpackDirection.uasset" 358
"../../../Engine/Plugins/Editor/SpeedTreeImporter/Content/SpeedTree9/UnpackDirection.uexp" 359
"../../../Engine/Plugins/Editor/SpeedTreeImporter/Content/SpeedTree9/game_wind_noise.uasset" 360
"../../../Engine/Plugins/Editor/SpeedTreeImporter/Content/SpeedTree9/game_wind_noise.uexp" 361
"../../../Engine/Plugins/Editor/SpeedTreeImporter/Content/SpeedTree9/game_wind_noise.ubulk" 362
"../../../Engine/Content/Functions/Engine_MaterialFunctions02/SafeNormalize.uasset" 363
"../../../Engine/Content/Functions/Engine_MaterialFunctions02/SafeNormalize.uexp" 364
"../../../Engine/Plugins/Editor/SpeedTreeImporter/Content/SpeedTree9/SpeedTreeWindMotion.uasset" 365
"../../../Engine/Plugins/Editor/SpeedTreeImporter/Content/SpeedTree9/SpeedTreeWindMotion.uexp" 366
"../../../Engine/Plugins/Editor/SpeedTreeImporter/Content/SpeedTree9/SpeedTreeBranchMotion.uasset" 367
"../../../Engine/Plugins/Editor/SpeedTreeImporter/Content/SpeedTree9/SpeedTreeBranchMotion.uexp" 368
"../../../Engine/Content/Functions/Engine_MaterialFunctions02/UVs/BoundingBoxBased_0-1_UVW.uasset" 369
"../../../Engine/Content/Functions/Engine_MaterialFunctions02/UVs/BoundingBoxBased_0-1_UVW.uexp" 370
"../../../Engine/Content/Functions/Engine_MaterialFunctions02/Utility/VectorLength.uasset" 371
"../../../Engine/Content/Functions/Engine_MaterialFunctions02/Utility/VectorLength.uexp" 372
"../../../Engine/Content/Functions/Engine_MaterialFunctions02/WorldPositionOffset/ObjectScale.uasset" 373
"../../../Engine/Content/Functions/Engine_MaterialFunctions02/WorldPositionOffset/ObjectScale.uexp" 374
"../../../Engine/Plugins/Editor/SpeedTreeImporter/Content/SpeedTree9/SpeedTreeWind.uasset" 375
"../../../Engine/Plugins/Editor/SpeedTreeImporter/Content/SpeedTree9/SpeedTreeWind.uexp" 376
"../../../Engine/Plugins/Editor/SpeedTreeImporter/Content/SpeedTree9/SpeedTreeBillboard.uasset" 377
"../../../Engine/Plugins/Editor/SpeedTreeImporter/Content/SpeedTree9/SpeedTreeBillboard.uexp" 378
"../../../Engine/Plugins/Editor/SpeedTreeImporter/Content/SpeedTree9/EmptyNormal.uasset" 379
"../../../Engine/Plugins/Editor/SpeedTreeImporter/Content/SpeedTree9/EmptyNormal.uexp" 380
"../../../Engine/Plugins/Editor/SpeedTreeImporter/Content/SpeedTree9/Empty.uasset" 381
"../../../Engine/Plugins/Editor/SpeedTreeImporter/Content/SpeedTree9/Empty.uexp" 382
"../../../Engine/Plugins/Editor/SpeedTreeImporter/Content/SpeedTree9/SpeedTreeBillboardMaster.uasset" 383
"../../../Engine/Plugins/Editor/SpeedTreeImporter/Content/SpeedTree9/SpeedTreeBillboardMaster.uexp" 384
"../../../Engine/Plugins/Editor/SpeedTreeImporter/Content/SpeedTree9/SpeedTreeCameraFacing.uasset" 385
"../../../Engine/Plugins/Editor/SpeedTreeImporter/Content/SpeedTree9/SpeedTreeCameraFacing.uexp" 386
"../../../Engine/Plugins/Editor/SpeedTreeImporter/Content/SpeedTree9/SpeedTreeMaster.uasset" 387
"../../../Engine/Plugins/Editor/SpeedTreeImporter/Content/SpeedTree9/SpeedTreeMaster.uexp" 388
"../../../Engine/Content/Functions/Engine_MaterialFunctions02/Texturing/CustomRotator.uasset" 389
"../../../Engine/Content/Functions/Engine_MaterialFunctions02/Texturing/CustomRotator.uexp" 390
"../../../Engine/Plugins/Enterprise/DatasmithContent/Content/Materials/C4DMasterUV.uasset" 391
"../../../Engine/Plugins/Enterprise/DatasmithContent/Content/Materials/C4DMasterUV.uexp" 392
"../../../Engine/Content/Functions/Engine_MaterialFunctions01/Texturing/FlattenNormal.uasset" 393
"../../../Engine/Content/Functions/Engine_MaterialFunctions01/Texturing/FlattenNormal.uexp" 394
"../../../Engine/Content/Functions/Engine_MaterialFunctions02/HueShift.uasset" 395
"../../../Engine/Content/Functions/Engine_MaterialFunctions02/HueShift.uexp" 396
"../../../Engine/Content/EngineResources/Black.uasset" 397
"../../../Engine/Content/EngineResources/Black.uexp" 398
"../../../Engine/Content/EngineMaterials/T_Default_Normal.uasset" 399
"../../../Engine/Content/EngineMaterials/T_Default_Normal.uexp" 400
"../../../Engine/Content/EngineMaterials/T_Default_Normal.ubulk" 401
"../../../Engine/Content/EditorLandscapeResources/WhiteSquareTexture.uasset" 402
"../../../Engine/Content/EditorLandscapeResources/WhiteSquareTexture.uexp" 403
"../../../Engine/Content/ArtTools/RenderToTexture/Textures/127grey.uasset" 404
"../../../Engine/Content/ArtTools/RenderToTexture/Textures/127grey.uexp" 405
"../../../Engine/Plugins/Enterprise/DatasmithContent/Content/Materials/TileMirrorAxis.uasset" 406
"../../../Engine/Plugins/Enterprise/DatasmithContent/Content/Materials/TileMirrorAxis.uexp" 407
"../../../Engine/Plugins/Enterprise/DatasmithContent/Content/Materials/UVEdit.uasset" 408
"../../../Engine/Plugins/Enterprise/DatasmithContent/Content/Materials/UVEdit.uexp" 409
"../../../Engine/Plugins/Enterprise/DatasmithContent/Content/Materials/C4DMaster.uasset" 410
"../../../Engine/Plugins/Enterprise/DatasmithContent/Content/Materials/C4DMaster.uexp" 411
"../../../Engine/Content/EngineMaterials/FlatNormal.uasset" 412
"../../../Engine/Content/EngineMaterials/FlatNormal.uexp" 413
"../../../Engine/Plugins/Enterprise/DatasmithContent/Content/Materials/CE_BaseMaster.uasset" 414
"../../../Engine/Plugins/Enterprise/DatasmithContent/Content/Materials/CE_BaseMaster.uexp" 415
"../../../Engine/Plugins/Enterprise/DatasmithContent/Content/Materials/CE_OpacityMaster.uasset" 416
"../../../Engine/Plugins/Enterprise/DatasmithContent/Content/Materials/CE_OpacityMaster.uexp" 417
"../../../Engine/Plugins/Enterprise/DatasmithContent/Content/Materials/CE_OpacitySimpleMaster.uasset" 418
"../../../Engine/Plugins/Enterprise/DatasmithContent/Content/Materials/CE_OpacitySimpleMaster.uexp" 419
"../../../Engine/Plugins/Enterprise/DatasmithContent/Content/Materials/CE_OpaqueMaster.uasset" 420
"../../../Engine/Plugins/Enterprise/DatasmithContent/Content/Materials/CE_OpaqueMaster.uexp" 421
"../../../Engine/Content/Functions/Engine_MaterialFunctions03/Procedurals/NormalFromHeightmap.uasset" 422
"../../../Engine/Content/Functions/Engine_MaterialFunctions03/Procedurals/NormalFromHeightmap.uexp" 423
"../../../Engine/Content/EngineResources/DefaultTexture.uasset" 424
"../../../Engine/Content/EngineResources/DefaultTexture.uexp" 425
"../../../Engine/Content/EngineResources/DefaultTexture.ubulk" 426
"../../../Engine/Plugins/Enterprise/DatasmithContent/Content/Materials/RevitMaster.uasset" 427
"../../../Engine/Plugins/Enterprise/DatasmithContent/Content/Materials/RevitMaster.uexp" 428
"../../../Engine/Plugins/Enterprise/DatasmithContent/Content/Materials/SketchUpMaster.uasset" 429
"../../../Engine/Plugins/Enterprise/DatasmithContent/Content/Materials/SketchUpMaster.uexp" 430
"../../../Engine/Plugins/Enterprise/DatasmithContent/Content/Materials/FBXImporter/DeltaGenUVEdit.uasset" 431
"../../../Engine/Plugins/Enterprise/DatasmithContent/Content/Materials/FBXImporter/DeltaGenUVEdit.uexp" 432
"../../../Engine/Plugins/Enterprise/DatasmithContent/Content/Materials/FBXImporter/DeltaGenBase.uasset" 433
"../../../Engine/Plugins/Enterprise/DatasmithContent/Content/Materials/FBXImporter/DeltaGenBase.uexp" 434
"../../../Engine/Plugins/Enterprise/DatasmithContent/Content/Materials/FBXImporter/DeltaGenMaster.uasset" 435
"../../../Engine/Plugins/Enterprise/DatasmithContent/Content/Materials/FBXImporter/DeltaGenMaster.uexp" 436
"../../../Engine/Plugins/Enterprise/DatasmithContent/Content/Materials/FBXImporter/DeltaGenMasterTransparent.uasset" 437
"../../../Engine/Plugins/Enterprise/DatasmithContent/Content/Materials/FBXImporter/DeltaGenMasterTransparent.uexp" 438
"../../../Engine/Plugins/Enterprise/DatasmithContent/Content/Materials/FBXImporter/VRED/VREDRepeatMode.uasset" 439
"../../../Engine/Plugins/Enterprise/DatasmithContent/Content/Materials/FBXImporter/VRED/VREDRepeatMode.uexp" 440
"../../../Engine/Plugins/Enterprise/DatasmithContent/Content/Materials/FBXImporter/VRED/UVMapping.uasset" 441
"../../../Engine/Plugins/Enterprise/DatasmithContent/Content/Materials/FBXImporter/VRED/UVMapping.uexp" 442
"../../../Engine/Content/Functions/Engine_MaterialFunctions02/WorldPositionOffset/LocalPosition.uasset" 443
"../../../Engine/Content/Functions/Engine_MaterialFunctions02/WorldPositionOffset/LocalPosition.uexp" 444
"../../../Engine/Plugins/Enterprise/DatasmithContent/Content/Materials/FBXImporter/VRED/TriplanarMapping.uasset" 445
"../../../Engine/Plugins/Enterprise/DatasmithContent/Content/Materials/FBXImporter/VRED/TriplanarMapping.uexp" 446
"../../../Engine/Plugins/Enterprise/DatasmithContent/Content/Materials/FBXImporter/VRED/PlanarMapping.uasset" 447
"../../../Engine/Plugins/Enterprise/DatasmithContent/Content/Materials/FBXImporter/VRED/PlanarMapping.uexp" 448
"../../../Engine/Plugins/Enterprise/DatasmithContent/Content/Materials/FBXImporter/VRED/VREDTextureRead.uasset" 449
"../../../Engine/Plugins/Enterprise/DatasmithContent/Content/Materials/FBXImporter/VRED/VREDTextureRead.uexp" 450
"../../../Engine/Content/Functions/Engine_MaterialFunctions02/Utility/MakeFloat3.uasset" 451
"../../../Engine/Content/Functions/Engine_MaterialFunctions02/Utility/MakeFloat3.uexp" 452
"../../../Engine/Plugins/Enterprise/DatasmithContent/Content/Materials/FBXImporter/VRED/ProcessNormal.uasset" 453
"../../../Engine/Plugins/Enterprise/DatasmithContent/Content/Materials/FBXImporter/VRED/ProcessNormal.uexp" 454
"../../../Engine/Content/Functions/MaterialLayerFunctions/MatLayerBlend_Simple.uasset" 455
"../../../Engine/Content/Functions/MaterialLayerFunctions/MatLayerBlend_Simple.uexp" 456
"../../../Engine/Content/Functions/Engine_MaterialFunctions02/Fresnel_Function.uasset" 457
"../../../Engine/Content/Functions/Engine_MaterialFunctions02/Fresnel_Function.uexp" 458
"../../../Engine/Content/Functions/Engine_MaterialFunctions01/Texturing/BakedDisplacement.uasset" 459
"../../../Engine/Content/Functions/Engine_MaterialFunctions01/Texturing/BakedDisplacement.uexp" 460
"../../../Engine/Plugins/Enterprise/DatasmithContent/Content/Materials/FBXImporter/VRED/BrushedMetal.uasset" 461
"../../../Engine/Plugins/Enterprise/DatasmithContent/Content/Materials/FBXImporter/VRED/BrushedMetal.uexp" 462
"../../../Engine/Plugins/Enterprise/DatasmithContent/Content/Materials/FBXImporter/VRED/Chrome.uasset" 463
"../../../Engine/Plugins/Enterprise/DatasmithContent/Content/Materials/FBXImporter/VRED/Chrome.uexp" 464
"../../../Engine/Content/Functions/Engine_MaterialFunctions01/Texturing/TextureCropping.uasset" 465
"../../../Engine/Content/Functions/Engine_MaterialFunctions01/Texturing/TextureCropping.uexp" 466
"../../../Engine/Content/Functions/Engine_MaterialFunctions01/Texturing/ComputeMipLevel.uasset" 467
"../../../Engine/Content/Functions/Engine_MaterialFunctions01/Texturing/ComputeMipLevel.uexp" 468
"../../../Engine/Content/Functions/Engine_MaterialFunctions02/ExampleContent/Textures/DebugNumberPeriod.uasset" 469
"../../../Engine/Content/Functions/Engine_MaterialFunctions02/ExampleContent/Textures/DebugNumberPeriod.uexp" 470
"../../../Engine/Content/Functions/Engine_MaterialFunctions02/ExampleContent/DebugNumberStrip.uasset" 471
"../../../Engine/Content/Functions/Engine_MaterialFunctions02/ExampleContent/DebugNumberStrip.uexp" 472
"../../../Engine/Content/Functions/Engine_MaterialFunctions02/Utility/DebugScalarValues.uasset" 473
"../../../Engine/Content/Functions/Engine_MaterialFunctions02/Utility/DebugScalarValues.uexp" 474
"../../../Engine/Content/Functions/Engine_MaterialFunctions02/Utility/DebugFloat3Values.uasset" 475
"../../../Engine/Content/Functions/Engine_MaterialFunctions02/Utility/DebugFloat3Values.uexp" 476
"../../../Engine/Content/Functions/Engine_MaterialFunctions02/Math/RGBtoHSV.uasset" 477
"../../../Engine/Content/Functions/Engine_MaterialFunctions02/Math/RGBtoHSV.uexp" 478
"../../../Engine/Plugins/Enterprise/DatasmithContent/Content/Materials/FBXImporter/VRED/Glass.uasset" 479
"../../../Engine/Plugins/Enterprise/DatasmithContent/Content/Materials/FBXImporter/VRED/Glass.uexp" 480
"../../../Engine/Plugins/Enterprise/DatasmithContent/Content/Materials/FBXImporter/VRED/Phong.uasset" 481
"../../../Engine/Plugins/Enterprise/DatasmithContent/Content/Materials/FBXImporter/VRED/Phong.uexp" 482
"../../../Engine/Plugins/Enterprise/DatasmithContent/Content/Materials/FBXImporter/VRED/Plastic.uasset" 483
"../../../Engine/Plugins/Enterprise/DatasmithContent/Content/Materials/FBXImporter/VRED/Plastic.uexp" 484
"../../../Engine/Content/Functions/MaterialLayerFunctions/MatLayerBlend_Standard.uasset" 485
"../../../Engine/Content/Functions/MaterialLayerFunctions/MatLayerBlend_Standard.uexp" 486
"../../../Engine/Content/EditorShapes/Textures/T_ShapeNormal.uasset" 487
"../../../Engine/Content/EditorShapes/Textures/T_ShapeNormal.uexp" 488
"../../../Engine/Content/EditorShapes/Textures/T_ShapeNormal.ubulk" 489
"../../../Engine/Plugins/Enterprise/DatasmithContent/Content/Materials/FBXImporter/VRED/UnicolorCarpaint.uasset" 490
"../../../Engine/Plugins/Enterprise/DatasmithContent/Content/Materials/FBXImporter/VRED/UnicolorCarpaint.uexp" 491
"../../../Engine/Content/BasicShapes/Cylinder.uasset" 492
"../../../Engine/Content/BasicShapes/Cylinder.uexp" 493
"../../../Engine/Content/ArtTools/RenderToTexture/Materials/Debug/M_Emissive_Color.uasset" 494
"../../../Engine/Content/ArtTools/RenderToTexture/Materials/Debug/M_Emissive_Color.uexp" 495
"../../../Engine/Plugins/Runtime/OpenXR/Content/Devices/GoogleDaydream/MRTexture.uasset" 496
"../../../Engine/Plugins/Runtime/OpenXR/Content/Devices/GoogleDaydream/MRTexture.uexp" 497
"../../../Engine/Plugins/Runtime/OpenXR/Content/Devices/GoogleDaydream/MRTexture.ubulk" 498
"../../../Engine/Plugins/Runtime/OpenXR/Content/Devices/GoogleDaydream/BaseTexture.uasset" 499
"../../../Engine/Plugins/Runtime/OpenXR/Content/Devices/GoogleDaydream/BaseTexture.uexp" 500
"../../../Engine/Plugins/Runtime/OpenXR/Content/Devices/GoogleDaydream/BaseTexture.ubulk" 501
"../../../Engine/Plugins/Runtime/OpenXR/Content/Devices/M_XRController.uasset" 502
"../../../Engine/Plugins/Runtime/OpenXR/Content/Devices/M_XRController.uexp" 503
"../../../Engine/Plugins/Runtime/OpenXR/Content/Devices/GoogleDaydream/MI_GoogleDaydream.uasset" 504
"../../../Engine/Plugins/Runtime/OpenXR/Content/Devices/GoogleDaydream/MI_GoogleDaydream.uexp" 505
"../../../Engine/Plugins/Runtime/OpenXR/Content/Devices/GoogleDaydream/GoogleDaydreamController.uasset" 506
"../../../Engine/Plugins/Runtime/OpenXR/Content/Devices/GoogleDaydream/GoogleDaydreamController.uexp" 507
"../../../Engine/Plugins/Runtime/OpenXR/Content/Devices/HTCVive/BaseTexture.uasset" 508
"../../../Engine/Plugins/Runtime/OpenXR/Content/Devices/HTCVive/BaseTexture.uexp" 509
"../../../Engine/Plugins/Runtime/OpenXR/Content/Devices/HTCVive/BaseTexture.ubulk" 510
"../../../Engine/Plugins/Runtime/OpenXR/Content/Devices/HTCVive/MI_HTCVive.uasset" 511
"../../../Engine/Plugins/Runtime/OpenXR/Content/Devices/HTCVive/MI_HTCVive.uexp" 512
"../../../Engine/Plugins/Runtime/OpenXR/Content/Devices/HTCVive/HTCViveController.uasset" 513
"../../../Engine/Plugins/Runtime/OpenXR/Content/Devices/HTCVive/HTCViveController.uexp" 514
"../../../Engine/Plugins/Runtime/OpenXR/Content/Devices/MicrosoftMixedReality/NormalTexture.uasset" 515
"../../../Engine/Plugins/Runtime/OpenXR/Content/Devices/MicrosoftMixedReality/NormalTexture.uexp" 516
"../../../Engine/Plugins/Runtime/OpenXR/Content/Devices/MicrosoftMixedReality/NormalTexture.ubulk" 517
"../../../Engine/Plugins/Runtime/OpenXR/Content/Devices/MicrosoftMixedReality/MRTexture.uasset" 518
"../../../Engine/Plugins/Runtime/OpenXR/Content/Devices/MicrosoftMixedReality/MRTexture.uexp" 519
"../../../Engine/Plugins/Runtime/OpenXR/Content/Devices/MicrosoftMixedReality/MRTexture.ubulk" 520
"../../../Engine/Plugins/Runtime/OpenXR/Content/Devices/MicrosoftMixedReality/EmissiveTexture.uasset" 521
"../../../Engine/Plugins/Runtime/OpenXR/Content/Devices/MicrosoftMixedReality/EmissiveTexture.uexp" 522
"../../../Engine/Plugins/Runtime/OpenXR/Content/Devices/MicrosoftMixedReality/EmissiveTexture.ubulk" 523
"../../../Engine/Plugins/Runtime/OpenXR/Content/Devices/MicrosoftMixedReality/BaseTexture.uasset" 524
"../../../Engine/Plugins/Runtime/OpenXR/Content/Devices/MicrosoftMixedReality/BaseTexture.uexp" 525
"../../../Engine/Plugins/Runtime/OpenXR/Content/Devices/MicrosoftMixedReality/BaseTexture.ubulk" 526
"../../../Engine/Plugins/Runtime/OpenXR/Content/Devices/MicrosoftMixedReality/MI_MicrosoftMixedReality.uasset" 527
"../../../Engine/Plugins/Runtime/OpenXR/Content/Devices/MicrosoftMixedReality/MI_MicrosoftMixedReality.uexp" 528
"../../../Engine/Plugins/Runtime/OpenXR/Content/Devices/MicrosoftMixedReality/Left/left_MicrosoftMixedRealityController.uasset" 529
"../../../Engine/Plugins/Runtime/OpenXR/Content/Devices/MicrosoftMixedReality/Left/left_MicrosoftMixedRealityController.uexp" 530
"../../../Engine/Plugins/Runtime/OpenXR/Content/Devices/MicrosoftMixedReality/Right/right_MicrosoftMixedRealityController.uasset" 531
"../../../Engine/Plugins/Runtime/OpenXR/Content/Devices/MicrosoftMixedReality/Right/right_MicrosoftMixedRealityController.uexp" 532
"../../../Engine/Plugins/Runtime/OpenXR/Content/Devices/OculusGo/BaseTexture.uasset" 533
"../../../Engine/Plugins/Runtime/OpenXR/Content/Devices/OculusGo/BaseTexture.uexp" 534
"../../../Engine/Plugins/Runtime/OpenXR/Content/Devices/OculusGo/BaseTexture.ubulk" 535
"../../../Engine/Plugins/Runtime/OpenXR/Content/Devices/OculusGo/MI_OculusGo.uasset" 536
"../../../Engine/Plugins/Runtime/OpenXR/Content/Devices/OculusGo/MI_OculusGo.uexp" 537
"../../../Engine/Plugins/Runtime/OpenXR/Content/Devices/OculusGo/OculusGoController.uasset" 538
"../../../Engine/Plugins/Runtime/OpenXR/Content/Devices/OculusGo/OculusGoController.uexp" 539
"../../../Engine/Plugins/Runtime/OpenXR/Content/Devices/OculusTouch/MRTexture.uasset" 540
"../../../Engine/Plugins/Runtime/OpenXR/Content/Devices/OculusTouch/MRTexture.uexp" 541
"../../../Engine/Plugins/Runtime/OpenXR/Content/Devices/OculusTouch/MRTexture.ubulk" 542
"../../../Engine/Plugins/Runtime/OpenXR/Content/Devices/OculusTouch/BaseTexture.uasset" 543
"../../../Engine/Plugins/Runtime/OpenXR/Content/Devices/OculusTouch/BaseTexture.uexp" 544
"../../../Engine/Plugins/Runtime/OpenXR/Content/Devices/OculusTouch/BaseTexture.ubulk" 545
"../../../Engine/Plugins/Runtime/OpenXR/Content/Devices/OculusTouch/MI_OculusTouch.uasset" 546
"../../../Engine/Plugins/Runtime/OpenXR/Content/Devices/OculusTouch/MI_OculusTouch.uexp" 547
"../../../Engine/Plugins/Runtime/OpenXR/Content/Devices/OculusTouch/Left/left_OculusTouchController.uasset" 548
"../../../Engine/Plugins/Runtime/OpenXR/Content/Devices/OculusTouch/Left/left_OculusTouchController.uexp" 549
"../../../Engine/Plugins/Runtime/OpenXR/Content/Devices/OculusTouch/Right/right_OculusTouchController.uasset" 550
"../../../Engine/Plugins/Runtime/OpenXR/Content/Devices/OculusTouch/Right/right_OculusTouchController.uexp" 551
"../../../Engine/Plugins/Runtime/OpenXR/Content/Devices/OculusTouch_v2/MRTexture.uasset" 552
"../../../Engine/Plugins/Runtime/OpenXR/Content/Devices/OculusTouch_v2/MRTexture.uexp" 553
"../../../Engine/Plugins/Runtime/OpenXR/Content/Devices/OculusTouch_v2/MRTexture.ubulk" 554
"../../../Engine/Plugins/Runtime/OpenXR/Content/Devices/OculusTouch_v2/BaseTexture.uasset" 555
"../../../Engine/Plugins/Runtime/OpenXR/Content/Devices/OculusTouch_v2/BaseTexture.uexp" 556
"../../../Engine/Plugins/Runtime/OpenXR/Content/Devices/OculusTouch_v2/BaseTexture.ubulk" 557
"../../../Engine/Plugins/Runtime/OpenXR/Content/Devices/OculusTouch_v2/MI_OculusTouch_v2.uasset" 558
"../../../Engine/Plugins/Runtime/OpenXR/Content/Devices/OculusTouch_v2/MI_OculusTouch_v2.uexp" 559
"../../../Engine/Plugins/Runtime/OpenXR/Content/Devices/OculusTouch_v2/Left/left_OculusTouch_v2Controller.uasset" 560
"../../../Engine/Plugins/Runtime/OpenXR/Content/Devices/OculusTouch_v2/Left/left_OculusTouch_v2Controller.uexp" 561
"../../../Engine/Plugins/Runtime/OpenXR/Content/Devices/OculusTouch_v2/Right/right_OculusTouch_v2Controller.uasset" 562
"../../../Engine/Plugins/Runtime/OpenXR/Content/Devices/OculusTouch_v2/Right/right_OculusTouch_v2Controller.uexp" 563
"../../../Engine/Plugins/Runtime/OpenXR/Content/Devices/OculusTouch_v3/MRTexture.uasset" 564
"../../../Engine/Plugins/Runtime/OpenXR/Content/Devices/OculusTouch_v3/MRTexture.uexp" 565
"../../../Engine/Plugins/Runtime/OpenXR/Content/Devices/OculusTouch_v3/MRTexture.ubulk" 566
"../../../Engine/Plugins/Runtime/OpenXR/Content/Devices/OculusTouch_v3/BaseTexture.uasset" 567
"../../../Engine/Plugins/Runtime/OpenXR/Content/Devices/OculusTouch_v3/BaseTexture.uexp" 568
"../../../Engine/Plugins/Runtime/OpenXR/Content/Devices/OculusTouch_v3/BaseTexture.ubulk" 569
"../../../Engine/Plugins/Runtime/OpenXR/Content/Devices/OculusTouch_v3/MI_OculusTouch_v3.uasset" 570
"../../../Engine/Plugins/Runtime/OpenXR/Content/Devices/OculusTouch_v3/MI_OculusTouch_v3.uexp" 571
"../../../Engine/Plugins/Runtime/OpenXR/Content/Devices/OculusTouch_v3/Left/left_OculusTouch_v3Controller.uasset" 572
"../../../Engine/Plugins/Runtime/OpenXR/Content/Devices/OculusTouch_v3/Left/left_OculusTouch_v3Controller.uexp" 573
"../../../Engine/Plugins/Runtime/OpenXR/Content/Devices/OculusTouch_v3/Right/right_OculusTouch_v3Controller.uasset" 574
"../../../Engine/Plugins/Runtime/OpenXR/Content/Devices/OculusTouch_v3/Right/right_OculusTouch_v3Controller.uexp" 575
"../../../Engine/Plugins/Runtime/OpenXR/Content/Devices/ValveIndex/MRTexture.uasset" 576
"../../../Engine/Plugins/Runtime/OpenXR/Content/Devices/ValveIndex/MRTexture.uexp" 577
"../../../Engine/Plugins/Runtime/OpenXR/Content/Devices/ValveIndex/MRTexture.ubulk" 578
"../../../Engine/Plugins/Runtime/OpenXR/Content/Devices/ValveIndex/BaseTexture.uasset" 579
"../../../Engine/Plugins/Runtime/OpenXR/Content/Devices/ValveIndex/BaseTexture.uexp" 580
"../../../Engine/Plugins/Runtime/OpenXR/Content/Devices/ValveIndex/BaseTexture.ubulk" 581
"../../../Engine/Plugins/Runtime/OpenXR/Content/Devices/ValveIndex/Left/MI_left_ValveIndex.uasset" 582
"../../../Engine/Plugins/Runtime/OpenXR/Content/Devices/ValveIndex/Left/MI_left_ValveIndex.uexp" 583
"../../../Engine/Plugins/Runtime/OpenXR/Content/Devices/ValveIndex/Left/left_ValveIndexController.uasset" 584
"../../../Engine/Plugins/Runtime/OpenXR/Content/Devices/ValveIndex/Left/left_ValveIndexController.uexp" 585
"../../../Engine/Plugins/Runtime/OpenXR/Content/Devices/ValveIndex/Right/MI_right_ValveIndex.uasset" 586
"../../../Engine/Plugins/Runtime/OpenXR/Content/Devices/ValveIndex/Right/MI_right_ValveIndex.uexp" 587
"../../../Engine/Plugins/Runtime/OpenXR/Content/Devices/ValveIndex/Right/right_ValveIndexController.uasset" 588
"../../../Engine/Plugins/Runtime/OpenXR/Content/Devices/ValveIndex/Right/right_ValveIndexController.uexp" 589
"../../../Engine/Plugins/Runtime/AR/ARUtilities/Content/Materials/DummyExternalTexture.uasset" 590
"../../../Engine/Plugins/Runtime/AR/ARUtilities/Content/Materials/DummyExternalTexture.uexp" 591
"../../../Engine/Plugins/Runtime/AR/ARUtilities/Content/Materials/M_PassthroughCamera.uasset" 592
"../../../Engine/Plugins/Runtime/AR/ARUtilities/Content/Materials/M_PassthroughCamera.uexp" 593
"../../../Engine/Plugins/Runtime/AR/ARUtilities/Content/Materials/MI_PassthroughCameraExternalTexture.uasset" 594
"../../../Engine/Plugins/Runtime/AR/ARUtilities/Content/Materials/MI_PassthroughCameraExternalTexture.uexp" 595
"../../../Engine/Plugins/Runtime/AR/ARUtilities/Content/Materials/M_ScreenSpacePassthroughCamera.uasset" 596
"../../../Engine/Plugins/Runtime/AR/ARUtilities/Content/Materials/M_ScreenSpacePassthroughCamera.uexp" 597
"../../../Engine/Plugins/Runtime/AR/ARUtilities/Content/Materials/MI_ScreenSpacePassthroughCameraExternalTexture.uasset" 598
"../../../Engine/Plugins/Runtime/AR/ARUtilities/Content/Materials/MI_ScreenSpacePassthroughCameraExternalTexture.uexp" 599
"../../../Engine/Plugins/Runtime/AR/ARUtilities/Content/Materials/MF_DistanceColorLerp.uasset" 600
"../../../Engine/Plugins/Runtime/AR/ARUtilities/Content/Materials/MF_DistanceColorLerp.uexp" 601
"../../../Engine/Plugins/Runtime/AR/ARUtilities/Content/Materials/M_DepthColoration.uasset" 602
"../../../Engine/Plugins/Runtime/AR/ARUtilities/Content/Materials/M_DepthColoration.uexp" 603
"../../../Engine/Content/Functions/Engine_MaterialFunctions02/Utility/BreakOutFloat4Components.uasset" 604
"../../../Engine/Content/Functions/Engine_MaterialFunctions02/Utility/BreakOutFloat4Components.uexp" 605
"../../../Engine/Plugins/Runtime/Oculus/OculusVR/Content/Materials/OculusMR_ChromaKey.uasset" 606
"../../../Engine/Plugins/Runtime/Oculus/OculusVR/Content/Materials/OculusMR_ChromaKey.uexp" 607
"../../../Engine/Plugins/Runtime/Oculus/OculusVR/Content/Materials/OculusMR_OpaqueColoredMaterial.uasset" 608
"../../../Engine/Plugins/Runtime/Oculus/OculusVR/Content/Materials/OculusMR_OpaqueColoredMaterial.uexp" 609
"../../../Engine/Plugins/Runtime/Oculus/OculusVR/Content/Materials/PokeAHoleMaterial.uasset" 610
"../../../Engine/Plugins/Runtime/Oculus/OculusVR/Content/Materials/PokeAHoleMaterial.uexp" 611
"../../../Engine/Plugins/Runtime/Oculus/OculusVR/Content/Textures/touchController_controlmap.uasset" 612
"../../../Engine/Plugins/Runtime/Oculus/OculusVR/Content/Textures/touchController_controlmap.uexp" 613
"../../../Engine/Plugins/Runtime/Oculus/OculusVR/Content/Textures/touchController_controlmap.ubulk" 614
"../../../Engine/Plugins/Runtime/Oculus/OculusVR/Content/Textures/touchController_albedo.uasset" 615
"../../../Engine/Plugins/Runtime/Oculus/OculusVR/Content/Textures/touchController_albedo.uexp" 616
"../../../Engine/Plugins/Runtime/Oculus/OculusVR/Content/Textures/touchController_albedo.ubulk" 617
"../../../Engine/Plugins/Runtime/Oculus/OculusVR/Content/Materials/touchController_mat.uasset" 618
"../../../Engine/Plugins/Runtime/Oculus/OculusVR/Content/Materials/touchController_mat.uexp" 619
"../../../Engine/Plugins/Runtime/Oculus/OculusVR/Content/Meshes/LeftTouchController.uasset" 620
"../../../Engine/Plugins/Runtime/Oculus/OculusVR/Content/Meshes/LeftTouchController.uexp" 621
"../../../Engine/Plugins/Runtime/Oculus/OculusVR/Content/Textures/TouchForQuestRiftSController_albedo.uasset" 622
"../../../Engine/Plugins/Runtime/Oculus/OculusVR/Content/Textures/TouchForQuestRiftSController_albedo.uexp" 623
"../../../Engine/Plugins/Runtime/Oculus/OculusVR/Content/Textures/TouchForQuestRiftSController_albedo.ubulk" 624
"../../../Engine/Plugins/Runtime/Oculus/OculusVR/Content/Materials/TouchForQuestRiftSControllerMaterial.uasset" 625
"../../../Engine/Plugins/Runtime/Oculus/OculusVR/Content/Materials/TouchForQuestRiftSControllerMaterial.uexp" 626
"../../../Engine/Plugins/Runtime/Oculus/OculusVR/Content/Meshes/LeftTouchForQuestRiftSController.uasset" 627
"../../../Engine/Plugins/Runtime/Oculus/OculusVR/Content/Meshes/LeftTouchForQuestRiftSController.uexp" 628
"../../../Engine/Plugins/Runtime/Oculus/OculusVR/Content/Meshes/RiftHMD.uasset" 629
"../../../Engine/Plugins/Runtime/Oculus/OculusVR/Content/Meshes/RiftHMD.uexp" 630
"../../../Engine/Plugins/Runtime/Oculus/OculusVR/Content/Meshes/RightTouchController.uasset" 631
"../../../Engine/Plugins/Runtime/Oculus/OculusVR/Content/Meshes/RightTouchController.uexp" 632
"../../../Engine/Plugins/Runtime/Oculus/OculusVR/Content/Meshes/RightTouchForQuestRiftSController.uasset" 633
"../../../Engine/Plugins/Runtime/Oculus/OculusVR/Content/Meshes/RightTouchForQuestRiftSController.uexp" 634
"../../../Engine/Plugins/Runtime/AR/Google/GoogleARCore/Content/M_SceneDepthOcclusion.uasset" 635
"../../../Engine/Plugins/Runtime/AR/Google/GoogleARCore/Content/M_SceneDepthOcclusion.uexp" 636
"../../../Engine/Content/MapTemplates/Sky/DaylightAmbientCubemap.uasset" 637
"../../../Engine/Content/MapTemplates/Sky/DaylightAmbientCubemap.uexp" 638
"A:/ChengProjects/UE_4.27/ARTest/Content/HandheldAR/Maps/HandheldARBlankMap_BuiltData.uasset" 639
"A:/ChengProjects/UE_4.27/ARTest/Content/HandheldAR/Maps/HandheldARBlankMap_BuiltData.uexp" 640
"A:/ChengProjects/UE_4.27/ARTest/Content/HandheldAR/Blueprints/GameFramework/BP_ARPlayerController.uasset" 641
"A:/ChengProjects/UE_4.27/ARTest/Content/HandheldAR/Blueprints/GameFramework/BP_ARPlayerController.uexp" 642
"../../../Engine/Content/EditorBlueprintResources/StandardMacros.uasset" 643
"../../../Engine/Content/EditorBlueprintResources/StandardMacros.uexp" 644
"A:/ChengProjects/UE_4.27/ARTest/Content/BP/Texture/T_DetechedImage.uasset" 645
"A:/ChengProjects/UE_4.27/ARTest/Content/BP/Texture/T_DetechedImage.uexp" 646
"A:/ChengProjects/UE_4.27/ARTest/Content/BP/Data/Data_Image.uasset" 647
"A:/ChengProjects/UE_4.27/ARTest/Content/BP/Data/Data_Image.uexp" 648
"A:/ChengProjects/UE_4.27/ARTest/Content/HandheldAR/D_ARSessionConfig.uasset" 649
"A:/ChengProjects/UE_4.27/ARTest/Content/HandheldAR/D_ARSessionConfig.uexp" 650
"A:/ChengProjects/UE_4.27/ARTest/Content/BP/Texture/T_Start.uasset" 651
"A:/ChengProjects/UE_4.27/ARTest/Content/BP/Texture/T_Start.uexp" 652
"A:/ChengProjects/UE_4.27/ARTest/Content/BP/UI/WPG_Start.uasset" 653
"A:/ChengProjects/UE_4.27/ARTest/Content/BP/UI/WPG_Start.uexp" 654
"A:/ChengProjects/UE_4.27/ARTest/Content/BP/Mesh/Textures/3d66Model-1120818-files-13_3dsmaxcrop_2_2_Tex.uasset" 655
"A:/ChengProjects/UE_4.27/ARTest/Content/BP/Mesh/Textures/3d66Model-1120818-files-13_3dsmaxcrop_2_2_Tex.uexp" 656
"A:/ChengProjects/UE_4.27/ARTest/Content/BP/Mesh/Textures/3d66Model-1120818-files-13_3dsmaxcrop_2_2_Tex.ubulk" 657
"A:/ChengProjects/UE_4.27/ARTest/Content/BP/Mesh/Materials/Master/NewMaterial.uasset" 658
"A:/ChengProjects/UE_4.27/ARTest/Content/BP/Mesh/Materials/Master/NewMaterial.uexp" 659
"A:/ChengProjects/UE_4.27/ARTest/Content/BP/Mesh/Textures/3d66Model-1120818-files-1_3dsmaxcrop_2_2_Tex.uasset" 660
"A:/ChengProjects/UE_4.27/ARTest/Content/BP/Mesh/Textures/3d66Model-1120818-files-1_3dsmaxcrop_2_2_Tex.uexp" 661
"A:/ChengProjects/UE_4.27/ARTest/Content/BP/Mesh/Textures/3d66Model-1120818-files-1_3dsmaxcrop_2_2_Tex.ubulk" 662
"A:/ChengProjects/UE_4.27/ARTest/Content/BP/Mesh/Materials/Master/NewMaterial1.uasset" 663
"A:/ChengProjects/UE_4.27/ARTest/Content/BP/Mesh/Materials/Master/NewMaterial1.uexp" 664
"A:/ChengProjects/UE_4.27/ARTest/Content/BP/Mesh/Textures/3d66Model-1120818-files-10_3dsmaxcrop_2_2_Tex.uasset" 665
"A:/ChengProjects/UE_4.27/ARTest/Content/BP/Mesh/Textures/3d66Model-1120818-files-10_3dsmaxcrop_2_2_Tex.uexp" 666
"A:/ChengProjects/UE_4.27/ARTest/Content/BP/Mesh/Textures/3d66Model-1120818-files-10_3dsmaxcrop_2_2_Tex.ubulk" 667
"A:/ChengProjects/UE_4.27/ARTest/Content/BP/Mesh/Materials/Master/NewMaterial2.uasset" 668
"A:/ChengProjects/UE_4.27/ARTest/Content/BP/Mesh/Materials/Master/NewMaterial2.uexp" 669
"A:/ChengProjects/UE_4.27/ARTest/Content/BP/Mesh/Textures/3d66Model-1120818-files-7_3dsmaxcrop_2_2_Tex.uasset" 670
"A:/ChengProjects/UE_4.27/ARTest/Content/BP/Mesh/Textures/3d66Model-1120818-files-7_3dsmaxcrop_2_2_Tex.uexp" 671
"A:/ChengProjects/UE_4.27/ARTest/Content/BP/Mesh/Textures/3d66Model-1120818-files-7_3dsmaxcrop_2_2_Tex.ubulk" 672
"A:/ChengProjects/UE_4.27/ARTest/Content/BP/Mesh/Materials/Mat3d66-1120818-10-9500.uasset" 673
"A:/ChengProjects/UE_4.27/ARTest/Content/BP/Mesh/Materials/Mat3d66-1120818-10-9500.uexp" 674
"A:/ChengProjects/UE_4.27/ARTest/Content/BP/Mesh/Textures/3d66Model-1120818-files-11_3dsmaxcrop_2_2_Tex.uasset" 675
"A:/ChengProjects/UE_4.27/ARTest/Content/BP/Mesh/Textures/3d66Model-1120818-files-11_3dsmaxcrop_2_2_Tex.uexp" 676
"A:/ChengProjects/UE_4.27/ARTest/Content/BP/Mesh/Textures/3d66Model-1120818-files-11_3dsmaxcrop_2_2_Tex.ubulk" 677
"A:/ChengProjects/UE_4.27/ARTest/Content/BP/Mesh/Materials/Mat3d66-1120818-11-7313.uasset" 678
"A:/ChengProjects/UE_4.27/ARTest/Content/BP/Mesh/Materials/Mat3d66-1120818-11-7313.uexp" 679
"A:/ChengProjects/UE_4.27/ARTest/Content/BP/Mesh/Materials/Mat3d66-1120818-5-1611.uasset" 680
"A:/ChengProjects/UE_4.27/ARTest/Content/BP/Mesh/Materials/Mat3d66-1120818-5-1611.uexp" 681
"A:/ChengProjects/UE_4.27/ARTest/Content/BP/Mesh/Materials/Master/Mat3d66-1120818-42-2275.uasset" 682
"A:/ChengProjects/UE_4.27/ARTest/Content/BP/Mesh/Materials/Master/Mat3d66-1120818-42-2275.uexp" 683
"A:/ChengProjects/UE_4.27/ARTest/Content/BP/Mesh/Materials/Mat3d66-1120818-1-4674.uasset" 684
"A:/ChengProjects/UE_4.27/ARTest/Content/BP/Mesh/Materials/Mat3d66-1120818-1-4674.uexp" 685
"A:/ChengProjects/UE_4.27/ARTest/Content/BP/Mesh/Materials/Master/Mat3d66-1120818-6-3377.uasset" 686
"A:/ChengProjects/UE_4.27/ARTest/Content/BP/Mesh/Materials/Master/Mat3d66-1120818-6-3377.uexp" 687
"A:/ChengProjects/UE_4.27/ARTest/Content/BP/Mesh/Materials/Mat3d66-1120818-12-1032.uasset" 688
"A:/ChengProjects/UE_4.27/ARTest/Content/BP/Mesh/Materials/Mat3d66-1120818-12-1032.uexp" 689
"A:/ChengProjects/UE_4.27/ARTest/Content/BP/Mesh/Materials/Mat3d66-1120818-17-1854.uasset" 690
"A:/ChengProjects/UE_4.27/ARTest/Content/BP/Mesh/Materials/Mat3d66-1120818-17-1854.uexp" 691
"A:/ChengProjects/UE_4.27/ARTest/Content/BP/Mesh/Textures/3d66Model-1120818-files-4_2_2_Tex.uasset" 692
"A:/ChengProjects/UE_4.27/ARTest/Content/BP/Mesh/Textures/3d66Model-1120818-files-4_2_2_Tex.uexp" 693
"A:/ChengProjects/UE_4.27/ARTest/Content/BP/Mesh/Textures/3d66Model-1120818-files-4_2_2_Tex.ubulk" 694
"A:/ChengProjects/UE_4.27/ARTest/Content/BP/Mesh/Materials/Master/Mat3d66-1120818-18-1834.uasset" 695
"A:/ChengProjects/UE_4.27/ARTest/Content/BP/Mesh/Materials/Master/Mat3d66-1120818-18-1834.uexp" 696
"A:/ChengProjects/UE_4.27/ARTest/Content/BP/Mesh/Materials/Mat3d66-1120818-18-1834.uasset" 697
"A:/ChengProjects/UE_4.27/ARTest/Content/BP/Mesh/Materials/Mat3d66-1120818-18-1834.uexp" 698
"A:/ChengProjects/UE_4.27/ARTest/Content/BP/Mesh/Textures/3d66Model-1120818-files-6_2_2_Tex.uasset" 699
"A:/ChengProjects/UE_4.27/ARTest/Content/BP/Mesh/Textures/3d66Model-1120818-files-6_2_2_Tex.uexp" 700
"A:/ChengProjects/UE_4.27/ARTest/Content/BP/Mesh/Textures/3d66Model-1120818-files-6_2_2_Tex.ubulk" 701
"A:/ChengProjects/UE_4.27/ARTest/Content/BP/Mesh/Materials/Mat3d66-1120818-19-1810.uasset" 702
"A:/ChengProjects/UE_4.27/ARTest/Content/BP/Mesh/Materials/Mat3d66-1120818-19-1810.uexp" 703
"A:/ChengProjects/UE_4.27/ARTest/Content/BP/Mesh/Textures/3d66Model-1120818-files-8_3dsmaxcrop_2_2_Tex.uasset" 704
"A:/ChengProjects/UE_4.27/ARTest/Content/BP/Mesh/Textures/3d66Model-1120818-files-8_3dsmaxcrop_2_2_Tex.uexp" 705
"A:/ChengProjects/UE_4.27/ARTest/Content/BP/Mesh/Textures/3d66Model-1120818-files-8_3dsmaxcrop_2_2_Tex.ubulk" 706
"A:/ChengProjects/UE_4.27/ARTest/Content/BP/Mesh/Materials/Master/Mat3d66-1120818-8-2725.uasset" 707
"A:/ChengProjects/UE_4.27/ARTest/Content/BP/Mesh/Materials/Master/Mat3d66-1120818-8-2725.uexp" 708
"A:/ChengProjects/UE_4.27/ARTest/Content/BP/Mesh/Materials/Mat3d66-1120818-2-8464.uasset" 709
"A:/ChengProjects/UE_4.27/ARTest/Content/BP/Mesh/Materials/Mat3d66-1120818-2-8464.uexp" 710
"A:/ChengProjects/UE_4.27/ARTest/Content/BP/Mesh/Materials/Mat3d66-1120818-21-2984.uasset" 711
"A:/ChengProjects/UE_4.27/ARTest/Content/BP/Mesh/Materials/Mat3d66-1120818-21-2984.uexp" 712
"A:/ChengProjects/UE_4.27/ARTest/Content/BP/Mesh/Materials/Mat3d66-1120818-22-6978.uasset" 713
"A:/ChengProjects/UE_4.27/ARTest/Content/BP/Mesh/Materials/Mat3d66-1120818-22-6978.uexp" 714
"A:/ChengProjects/UE_4.27/ARTest/Content/BP/Mesh/Materials/Mat3d66-1120818-3-8337.uasset" 715
"A:/ChengProjects/UE_4.27/ARTest/Content/BP/Mesh/Materials/Mat3d66-1120818-3-8337.uexp" 716
"A:/ChengProjects/UE_4.27/ARTest/Content/BP/Mesh/Materials/Mat3d66-1120818-41-178.uasset" 717
"A:/ChengProjects/UE_4.27/ARTest/Content/BP/Mesh/Materials/Mat3d66-1120818-41-178.uexp" 718
"A:/ChengProjects/UE_4.27/ARTest/Content/BP/Mesh/Materials/Mat3d66-1120818-6-3377.uasset" 719
"A:/ChengProjects/UE_4.27/ARTest/Content/BP/Mesh/Materials/Mat3d66-1120818-6-3377.uexp" 720
"A:/ChengProjects/UE_4.27/ARTest/Content/BP/Mesh/Materials/Mat3d66-1120818-7-6381.uasset" 721
"A:/ChengProjects/UE_4.27/ARTest/Content/BP/Mesh/Materials/Mat3d66-1120818-7-6381.uexp" 722
"A:/ChengProjects/UE_4.27/ARTest/Content/BP/Mesh/Materials/Mat3d66-1120818-9-1571.uasset" 723
"A:/ChengProjects/UE_4.27/ARTest/Content/BP/Mesh/Materials/Mat3d66-1120818-9-1571.uexp" 724
"A:/ChengProjects/UE_4.27/ARTest/Content/BP/Mesh/SM_Forest.uasset" 725
"A:/ChengProjects/UE_4.27/ARTest/Content/BP/Mesh/SM_Forest.uexp" 726
"A:/ChengProjects/UE_4.27/ARTest/Content/HandheldAR/Blueprints/UI/Icons/T_Icon_Reset_01.uasset" 727
"A:/ChengProjects/UE_4.27/ARTest/Content/HandheldAR/Blueprints/UI/Icons/T_Icon_Reset_01.uexp" 728
"A:/ChengProjects/UE_4.27/ARTest/Content/HandheldAR/Blueprints/UI/Icons/T_Icon_Close.uasset" 729
"A:/ChengProjects/UE_4.27/ARTest/Content/HandheldAR/Blueprints/UI/Icons/T_Icon_Close.uexp" 730
"A:/ChengProjects/UE_4.27/ARTest/Content/BP/UI/WPG_Interact.uasset" 731
"A:/ChengProjects/UE_4.27/ARTest/Content/BP/UI/WPG_Interact.uexp" 732
"A:/ChengProjects/UE_4.27/ARTest/Content/BP/Audios/Audios_DogBark.uasset" 733
"A:/ChengProjects/UE_4.27/ARTest/Content/BP/Audios/Audios_DogBark.uexp" 734
"A:/ChengProjects/UE_4.27/ARTest/Content/mx2/dog2_bark_Skeleton.uasset" 735
"A:/ChengProjects/UE_4.27/ARTest/Content/mx2/dog2_bark_Skeleton.uexp" 736
"A:/ChengProjects/UE_4.27/ARTest/Content/mx2/dog2_bark_PhysicsAsset.uasset" 737
"A:/ChengProjects/UE_4.27/ARTest/Content/mx2/dog2_bark_PhysicsAsset.uexp" 738
"A:/ChengProjects/UE_4.27/ARTest/Content/mx2/SmallDog_diff.uasset" 739
"A:/ChengProjects/UE_4.27/ARTest/Content/mx2/SmallDog_diff.uexp" 740
"A:/ChengProjects/UE_4.27/ARTest/Content/mx2/SmallDog_diff.ubulk" 741
"A:/ChengProjects/UE_4.27/ARTest/Content/mx2/Material__35.uasset" 742
"A:/ChengProjects/UE_4.27/ARTest/Content/mx2/Material__35.uexp" 743
"A:/ChengProjects/UE_4.27/ARTest/Content/mx2/dog2_bark.uasset" 744
"A:/ChengProjects/UE_4.27/ARTest/Content/mx2/dog2_bark.uexp" 745
"A:/ChengProjects/UE_4.27/ARTest/Content/mx2/MI_DorgBark.uasset" 746
"A:/ChengProjects/UE_4.27/ARTest/Content/mx2/MI_DorgBark.uexp" 747
"../../../Engine/Content/Animation/DefaultAnimCurveCompressionSettings.uasset" 748
"../../../Engine/Content/Animation/DefaultAnimCurveCompressionSettings.uexp" 749
"../../../Engine/Content/Animation/DefaultAnimBoneCompressionSettings.uasset" 750
"../../../Engine/Content/Animation/DefaultAnimBoneCompressionSettings.uexp" 751
"A:/ChengProjects/UE_4.27/ARTest/Content/mx2/dog2_bark_Anim.uasset" 752
"A:/ChengProjects/UE_4.27/ARTest/Content/mx2/dog2_bark_Anim.uexp" 753
"A:/ChengProjects/UE_4.27/ARTest/Content/BP_Forest.uasset" 754
"A:/ChengProjects/UE_4.27/ARTest/Content/BP_Forest.uexp" 755
"A:/ChengProjects/UE_4.27/ARTest/Content/BP/Audios/Audios_BG.uasset" 756
"A:/ChengProjects/UE_4.27/ARTest/Content/BP/Audios/Audios_BG.uexp" 757
"A:/ChengProjects/UE_4.27/ARTest/Content/HandheldAR/Blueprints/GameFramework/BP_ARPawn.uasset" 758
"A:/ChengProjects/UE_4.27/ARTest/Content/HandheldAR/Blueprints/GameFramework/BP_ARPawn.uexp" 759
"A:/ChengProjects/UE_4.27/ARTest/Content/HandheldAR/Blueprints/GameFramework/BP_ARGameMode.uasset" 760
"A:/ChengProjects/UE_4.27/ARTest/Content/HandheldAR/Blueprints/GameFramework/BP_ARGameMode.uexp" 761
"A:/ChengProjects/UE_4.27/ARTest/Content/HandheldAR/Maps/HandheldARBlankMap.uexp" 762
"A:/ChengProjects/UE_4.27/ARTest/Content/HandheldAR/Maps/HandheldARBlankMap.umap" 763
"../../../Engine/Content/Maps/Entry_BuiltData.uasset" 764
"../../../Engine/Content/Maps/Entry_BuiltData.uexp" 765
"../../../Engine/Content/Maps/Entry.uexp" 766
"../../../Engine/Content/Maps/Entry.umap" 767
