"../../../Engine/Content/EngineMaterials/T_Default_Material_Grid_N.uasset" 0
"../../../Engine/Content/EngineMaterials/T_Default_Material_Grid_N.uexp" 1
"../../../Engine/Content/EngineMaterials/T_Default_Material_Grid_N.ubulk" 2
"../../../Engine/Content/EngineMaterials/T_Default_Material_Grid_M.uasset" 3
"../../../Engine/Content/EngineMaterials/T_Default_Material_Grid_M.uexp" 4
"../../../Engine/Content/EngineMaterials/T_Default_Material_Grid_M.ubulk" 5
"../../../Engine/Content/Functions/Engine_MaterialFunctions01/Opacity/CameraDepthFade.uasset" 6
"../../../Engine/Content/Functions/Engine_MaterialFunctions01/Opacity/CameraDepthFade.uexp" 7
"../../../Engine/Content/EngineMaterials/WorldGridMaterial.uasset" 8
"../../../Engine/Content/EngineMaterials/WorldGridMaterial.uexp" 9
"../../../Engine/Content/ArtTools/RenderToTexture/Meshes/S_1_Unit_Plane.uasset" 10
"../../../Engine/Content/ArtTools/RenderToTexture/Meshes/S_1_Unit_Plane.uexp" 11
"../../../Engine/Content/EngineMaterials/DefaultMaterial.uasset" 12
"../../../Engine/Content/EngineMaterials/DefaultMaterial.uexp" 13
"../../../Engine/Content/BasicShapes/Cone.uasset" 14
"../../../Engine/Content/BasicShapes/Cone.uexp" 15
"../../../Engine/Content/BasicShapes/Cube.uasset" 16
"../../../Engine/Content/BasicShapes/Cube.uexp" 17
"../../../Engine/Content/BasicShapes/Sphere.uasset" 18
"../../../Engine/Content/BasicShapes/Sphere.uexp" 19
"../../../Engine/Content/EditorLandscapeResources/DataLayer.uasset" 20
"../../../Engine/Content/EditorLandscapeResources/DataLayer.uexp" 21
"../../../Engine/Content/EditorLandscapeResources/DefaultAlphaTexture.uasset" 22
"../../../Engine/Content/EditorLandscapeResources/DefaultAlphaTexture.uexp" 23
"../../../Engine/Content/EditorMaterials/MAT_Groups_Toggle.uasset" 24
"../../../Engine/Content/EditorMaterials/MAT_Groups_Toggle.uexp" 25
"../../../Engine/Content/EditorMaterials/MAT_Groups_Visibility.uasset" 26
"../../../Engine/Content/EditorMaterials/MAT_Groups_Visibility.uexp" 27
"../../../Engine/Content/EditorMaterials/PreviewShadowIndicator.uasset" 28
"../../../Engine/Content/EditorMaterials/PreviewShadowIndicator.uexp" 29
"../../../Engine/Content/EditorMaterials/PreviewShadowIndicator.ubulk" 30
"../../../Engine/Content/EditorMaterials/PreviewShadowIndicatorMaterial.uasset" 31
"../../../Engine/Content/EditorMaterials/PreviewShadowIndicatorMaterial.uexp" 32
"../../../Engine/Content/EditorMaterials/AssetViewer/EpicQuadPanorama_CC+EV1.uasset" 33
"../../../Engine/Content/EditorMaterials/AssetViewer/EpicQuadPanorama_CC+EV1.uexp" 34
"../../../Engine/Content/EditorMaterials/MatineeGroups/MAT_ColorTrack.uasset" 35
"../../../Engine/Content/EditorMaterials/MatineeGroups/MAT_ColorTrack.uexp" 36
"../../../Engine/Content/EditorMaterials/MatineeGroups/MAT_Groups_Anim.uasset" 37
"../../../Engine/Content/EditorMaterials/MatineeGroups/MAT_Groups_Anim.uexp" 38
"../../../Engine/Content/EditorMaterials/MatineeGroups/MAT_Groups_AudioMaster.uasset" 39
"../../../Engine/Content/EditorMaterials/MatineeGroups/MAT_Groups_AudioMaster.uexp" 40
"../../../Engine/Content/EditorMaterials/MatineeGroups/MAT_Groups_Director.uasset" 41
"../../../Engine/Content/EditorMaterials/MatineeGroups/MAT_Groups_Director.uexp" 42
"../../../Engine/Content/EditorMaterials/MatineeGroups/MAT_Groups_Event.uasset" 43
"../../../Engine/Content/EditorMaterials/MatineeGroups/MAT_Groups_Event.uexp" 44
"../../../Engine/Content/EditorMaterials/MatineeGroups/MAT_Groups_Fade.uasset" 45
"../../../Engine/Content/EditorMaterials/MatineeGroups/MAT_Groups_Fade.uexp" 46
"../../../Engine/Content/EditorMaterials/MatineeGroups/MAT_Groups_Float.uasset" 47
"../../../Engine/Content/EditorMaterials/MatineeGroups/MAT_Groups_Float.uexp" 48
"../../../Engine/Content/EditorMaterials/MatineeGroups/MAT_Groups_Move.uasset" 49
"../../../Engine/Content/EditorMaterials/MatineeGroups/MAT_Groups_Move.uexp" 50
"../../../Engine/Content/EditorMaterials/MatineeGroups/MAT_Groups_Slomo.uasset" 51
"../../../Engine/Content/EditorMaterials/MatineeGroups/MAT_Groups_Slomo.uexp" 52
"../../../Engine/Content/EditorMaterials/MatineeGroups/MAT_Groups_Sound.uasset" 53
"../../../Engine/Content/EditorMaterials/MatineeGroups/MAT_Groups_Sound.uexp" 54
"../../../Engine/Content/EditorMaterials/MatineeGroups/MAT_Groups_Vector.uasset" 55
"../../../Engine/Content/EditorMaterials/MatineeGroups/MAT_Groups_Vector.uexp" 56
"../../../Engine/Content/EditorMaterials/ParticleSystems/PSysThumbnail_NoImage.uasset" 57
"../../../Engine/Content/EditorMaterials/ParticleSystems/PSysThumbnail_NoImage.uexp" 58
"../../../Engine/Content/EditorMaterials/ParticleSystems/PSysThumbnail_NoImage.ubulk" 59
"../../../Engine/Content/EditorMaterials/ParticleSystems/PSysThumbnail_OOD.uasset" 60
"../../../Engine/Content/EditorMaterials/ParticleSystems/PSysThumbnail_OOD.uexp" 61
"../../../Engine/Content/EditorMaterials/ParticleSystems/PSysThumbnail_OOD.ubulk" 62
"../../../Engine/Content/EditorMaterials/Camera/CineMat.uasset" 63
"../../../Engine/Content/EditorMaterials/Camera/CineMat.uexp" 64
"../../../Engine/Content/EditorMaterials/Camera/MI_CineMat_Rig.uasset" 65
"../../../Engine/Content/EditorMaterials/Camera/MI_CineMat_Rig.uexp" 66
"../../../Engine/Content/EditorMeshes/Camera/SM_CraneRig_Arm.uasset" 67
"../../../Engine/Content/EditorMeshes/Camera/SM_CraneRig_Arm.uexp" 68
"../../../Engine/Content/EditorMeshes/Camera/SM_CraneRig_Base.uasset" 69
"../../../Engine/Content/EditorMeshes/Camera/SM_CraneRig_Base.uexp" 70
"../../../Engine/Content/EditorMeshes/Camera/SM_CraneRig_Body.uasset" 71
"../../../Engine/Content/EditorMeshes/Camera/SM_CraneRig_Body.uexp" 72
"../../../Engine/Content/EditorMeshes/Camera/SM_CraneRig_Mount.uasset" 73
"../../../Engine/Content/EditorMeshes/Camera/SM_CraneRig_Mount.uexp" 74
"../../../Engine/Content/EditorMeshes/Camera/SM_RailRig_Mount.uasset" 75
"../../../Engine/Content/EditorMeshes/Camera/SM_RailRig_Mount.uexp" 76
"../../../Engine/Content/EditorMeshes/Camera/SM_RailRig_Track.uasset" 77
"../../../Engine/Content/EditorMeshes/Camera/SM_RailRig_Track.uexp" 78
"../../../Engine/Content/EditorResources/BSPVertex.uasset" 79
"../../../Engine/Content/EditorResources/BSPVertex.uexp" 80
"../../../Engine/Content/EditorResources/EmptyActor.uasset" 81
"../../../Engine/Content/EditorResources/EmptyActor.uexp" 82
"../../../Engine/Content/EditorResources/S_Actor.uasset" 83
"../../../Engine/Content/EditorResources/S_Actor.uexp" 84
"../../../Engine/Content/EditorResources/S_Actor.ubulk" 85
"../../../Engine/Content/EditorResources/S_Note.uasset" 86
"../../../Engine/Content/EditorResources/S_Note.uexp" 87
"../../../Engine/Content/EditorResources/S_Note.ubulk" 88
"../../../Engine/Content/EditorResources/S_Solver.uasset" 89
"../../../Engine/Content/EditorResources/S_Solver.uexp" 90
"../../../Engine/Content/EditorResources/S_Solver.ubulk" 91
"../../../Engine/Content/EditorResources/S_Terrain.uasset" 92
"../../../Engine/Content/EditorResources/S_Terrain.uexp" 93
"../../../Engine/Content/EditorResources/S_Terrain.ubulk" 94
"../../../Engine/Content/EditorResources/S_Trigger.uasset" 95
"../../../Engine/Content/EditorResources/S_Trigger.uexp" 96
"../../../Engine/Content/EditorResources/S_Trigger.ubulk" 97
"../../../Engine/Content/EditorResources/LightIcons/S_LightError.uasset" 98
"../../../Engine/Content/EditorResources/LightIcons/S_LightError.uexp" 99
"../../../Engine/Content/EditorResources/SequenceRecorder/Countdown.uasset" 100
"../../../Engine/Content/EditorResources/SequenceRecorder/Countdown.uexp" 101
"../../../Engine/Content/EditorResources/SequenceRecorder/RecordingIndicator.uasset" 102
"../../../Engine/Content/EditorResources/SequenceRecorder/RecordingIndicator.uexp" 103
"../../../Engine/Content/EngineDamageTypes/DmgTypeBP_Environmental.uasset" 104
"../../../Engine/Content/EngineDamageTypes/DmgTypeBP_Environmental.uexp" 105
"../../../Engine/Content/EngineDebugMaterials/DebugEditorMaterial.uasset" 106
"../../../Engine/Content/EngineDebugMaterials/DebugEditorMaterial.uexp" 107
"../../../Engine/Content/EngineDebugMaterials/DebugMeshMaterial.uasset" 108
"../../../Engine/Content/EngineDebugMaterials/DebugMeshMaterial.uexp" 109
"../../../Engine/Content/EngineDebugMaterials/M_SimpleUnlitTranslucent.uasset" 110
"../../../Engine/Content/EngineDebugMaterials/M_SimpleUnlitTranslucent.uexp" 111
"../../../Engine/Content/EngineDebugMaterials/VolumeToRender.uasset" 112
"../../../Engine/Content/EngineDebugMaterials/VolumeToRender.uexp" 113
"../../../Engine/Content/Functions/Engine_MaterialFunctions02/Utility/CameraDirectionVector.uasset" 114
"../../../Engine/Content/Functions/Engine_MaterialFunctions02/Utility/CameraDirectionVector.uexp" 115
"../../../Engine/Content/EngineDebugMaterials/M_VolumeRenderSphereTracePP.uasset" 116
"../../../Engine/Content/EngineDebugMaterials/M_VolumeRenderSphereTracePP.uexp" 117
"../../../Engine/Content/Functions/Engine_MaterialFunctions01/Shading/ConvertFromDiffSpec.uasset" 118
"../../../Engine/Content/Functions/Engine_MaterialFunctions01/Shading/ConvertFromDiffSpec.uexp" 119
"../../../Engine/Content/EngineDebugMaterials/VertexColorMaterial.uasset" 120
"../../../Engine/Content/EngineDebugMaterials/VertexColorMaterial.uexp" 121
"../../../Engine/Content/EngineDebugMaterials/WireframeMaterial.uasset" 122
"../../../Engine/Content/EngineDebugMaterials/WireframeMaterial.uexp" 123
"../../../Engine/Content/EngineFonts/Faces/RobotoRegular.uasset" 124
"../../../Engine/Content/EngineFonts/Faces/RobotoRegular.uexp" 125
"../../../Engine/Content/EngineFonts/Faces/RobotoRegular.ufont" 126
"../../../Engine/Content/EngineFonts/Faces/RobotoLight.uasset" 127
"../../../Engine/Content/EngineFonts/Faces/RobotoLight.uexp" 128
"../../../Engine/Content/EngineFonts/Faces/RobotoLight.ufont" 129
"../../../Engine/Content/EngineFonts/Faces/RobotoItalic.uasset" 130
"../../../Engine/Content/EngineFonts/Faces/RobotoItalic.uexp" 131
"../../../Engine/Content/EngineFonts/Faces/RobotoItalic.ufont" 132
"../../../Engine/Content/EngineFonts/Faces/RobotoBoldItalic.uasset" 133
"../../../Engine/Content/EngineFonts/Faces/RobotoBoldItalic.uexp" 134
"../../../Engine/Content/EngineFonts/Faces/RobotoBoldItalic.ufont" 135
"../../../Engine/Content/EngineFonts/Faces/RobotoBold.uasset" 136
"../../../Engine/Content/EngineFonts/Faces/RobotoBold.uexp" 137
"../../../Engine/Content/EngineFonts/Faces/RobotoBold.ufont" 138
"../../../Engine/Content/EngineFonts/Faces/DroidSansFallback.uasset" 139
"../../../Engine/Content/EngineFonts/Faces/DroidSansFallback.uexp" 140
"../../../Engine/Content/EngineFonts/Faces/DroidSansFallback.ufont" 141
"../../../Engine/Content/EngineFonts/Roboto.uasset" 142
"../../../Engine/Content/EngineFonts/Roboto.uexp" 143
"../../../Engine/Content/EngineMaterials/BaseFlattenNormalMap.uasset" 144
"../../../Engine/Content/EngineMaterials/BaseFlattenNormalMap.uexp" 145
"../../../Engine/Content/EngineMaterials/BaseFlattenGrayscaleMap.uasset" 146
"../../../Engine/Content/EngineMaterials/BaseFlattenGrayscaleMap.uexp" 147
"../../../Engine/Content/EngineMaterials/BaseFlattenEmissiveMap.uasset" 148
"../../../Engine/Content/EngineMaterials/BaseFlattenEmissiveMap.uexp" 149
"../../../Engine/Content/EngineMaterials/BaseFlattenDiffuseMap.uasset" 150
"../../../Engine/Content/EngineMaterials/BaseFlattenDiffuseMap.uexp" 151
"../../../Engine/Content/EngineMaterials/BaseFlattenMaterial.uasset" 152
"../../../Engine/Content/EngineMaterials/BaseFlattenMaterial.uexp" 153
"../../../Engine/Content/EngineMaterials/BlueNoise.uasset" 154
"../../../Engine/Content/EngineMaterials/BlueNoise.uexp" 155
"../../../Engine/Content/EngineMaterials/DefaultBloomKernel.uasset" 156
"../../../Engine/Content/EngineMaterials/DefaultBloomKernel.uexp" 157
"../../../Engine/Content/EngineMaterials/DefaultBokeh.uasset" 158
"../../../Engine/Content/EngineMaterials/DefaultBokeh.uexp" 159
"../../../Engine/Content/EngineMaterials/DefaultDiffuse.uasset" 160
"../../../Engine/Content/EngineMaterials/DefaultDiffuse.uexp" 161
"../../../Engine/Content/EngineMaterials/DefaultDiffuse.ubulk" 162
"../../../Engine/Content/EngineMaterials/DefaultDeferredDecalMaterial.uasset" 163
"../../../Engine/Content/EngineMaterials/DefaultDeferredDecalMaterial.uexp" 164
"../../../Engine/Content/EngineMaterials/DefaultLightFunctionMaterial.uasset" 165
"../../../Engine/Content/EngineMaterials/DefaultLightFunctionMaterial.uexp" 166
"../../../Engine/Content/EngineMaterials/DefaultPhysicalMaterial.uasset" 167
"../../../Engine/Content/EngineMaterials/DefaultPhysicalMaterial.uexp" 168
"../../../Engine/Content/Functions/Engine_MaterialFunctions02/Utility/BreakOutFloat2Components.uasset" 169
"../../../Engine/Content/Functions/Engine_MaterialFunctions02/Utility/BreakOutFloat2Components.uexp" 170
"../../../Engine/Content/EngineMaterials/DefaultPostProcessMaterial.uasset" 171
"../../../Engine/Content/EngineMaterials/DefaultPostProcessMaterial.uexp" 172
"../../../Engine/Content/EngineFonts/RobotoDistanceField.uasset" 173
"../../../Engine/Content/EngineFonts/RobotoDistanceField.uexp" 174
"../../../Engine/Content/EngineMaterials/DefaultTextMaterialOpaque.uasset" 175
"../../../Engine/Content/EngineMaterials/DefaultTextMaterialOpaque.uexp" 176
"../../../Engine/Content/EngineMaterials/DefaultWhiteGrid.uasset" 177
"../../../Engine/Content/EngineMaterials/DefaultWhiteGrid.uexp" 178
"../../../Engine/Content/EngineMaterials/DefaultWhiteGrid.ubulk" 179
"../../../Engine/Content/EngineMaterials/DefaultWhiteGrid_Low.uasset" 180
"../../../Engine/Content/EngineMaterials/DefaultWhiteGrid_Low.uexp" 181
"../../../Engine/Content/EngineMaterials/EmissiveMeshMaterial.uasset" 182
"../../../Engine/Content/EngineMaterials/EmissiveMeshMaterial.uexp" 183
"../../../Engine/Content/EngineMaterials/GizmoMaterial.uasset" 184
"../../../Engine/Content/EngineMaterials/GizmoMaterial.uexp" 185
"../../../Engine/Content/EngineMaterials/Good64x64TilingNoiseHighFreq.uasset" 186
"../../../Engine/Content/EngineMaterials/Good64x64TilingNoiseHighFreq.uexp" 187
"../../../Engine/Content/EngineMaterials/MiniFont.uasset" 188
"../../../Engine/Content/EngineMaterials/MiniFont.uexp" 189
"../../../Engine/Content/EngineMaterials/InvalidLightmapSettings.uasset" 190
"../../../Engine/Content/EngineMaterials/InvalidLightmapSettings.uexp" 191
"../../../Engine/Content/EngineMaterials/InvalidLightmapSettings.ubulk" 192
"../../../Engine/Content/EngineMaterials/M_InvalidLightmapSettings.uasset" 193
"../../../Engine/Content/EngineMaterials/M_InvalidLightmapSettings.uexp" 194
"../../../Engine/Content/Functions/Engine_MaterialFunctions02/WorldPositionOffset/CameraOffset.uasset" 195
"../../../Engine/Content/Functions/Engine_MaterialFunctions02/WorldPositionOffset/CameraOffset.uexp" 196
"../../../Engine/Content/EngineMaterials/PhAT_JointLimitMaterial.uasset" 197
"../../../Engine/Content/EngineMaterials/PhAT_JointLimitMaterial.uexp" 198
"../../../Engine/Content/EngineMaterials/DefaultCalibrationColor.uasset" 199
"../../../Engine/Content/EngineMaterials/DefaultCalibrationColor.uexp" 200
"../../../Engine/Content/EngineMaterials/PPM_DefaultCalibrationColor.uasset" 201
"../../../Engine/Content/EngineMaterials/PPM_DefaultCalibrationColor.uexp" 202
"../../../Engine/Content/EngineMaterials/DefaultCalibrationGrayscale.uasset" 203
"../../../Engine/Content/EngineMaterials/DefaultCalibrationGrayscale.uexp" 204
"../../../Engine/Content/EngineMaterials/PPM_DefaultCalibrationGrayscale.uasset" 205
"../../../Engine/Content/EngineMaterials/PPM_DefaultCalibrationGrayscale.uexp" 206
"../../../Engine/Content/EngineMaterials/PreintegratedSkinBRDF.uasset" 207
"../../../Engine/Content/EngineMaterials/PreintegratedSkinBRDF.uexp" 208
"../../../Engine/Content/EngineMaterials/RemoveSurfaceMaterial.uasset" 209
"../../../Engine/Content/EngineMaterials/RemoveSurfaceMaterial.uexp" 210
"../../../Engine/Content/EngineMaterials/WeightMapPlaceholderTexture.uasset" 211
"../../../Engine/Content/EngineMaterials/WeightMapPlaceholderTexture.uexp" 212
"../../../Engine/Content/EngineResources/WhiteSquareTexture.uasset" 213
"../../../Engine/Content/EngineResources/WhiteSquareTexture.uexp" 214
"../../../Engine/Content/EngineMaterials/Widget3DPassThrough.uasset" 215
"../../../Engine/Content/EngineMaterials/Widget3DPassThrough.uexp" 216
"../../../Engine/Content/EngineMaterials/Widget3DPassThrough_Masked.uasset" 217
"../../../Engine/Content/EngineMaterials/Widget3DPassThrough_Masked.uexp" 218
"../../../Engine/Content/EngineMaterials/Widget3DPassThrough_Opaque.uasset" 219
"../../../Engine/Content/EngineMaterials/Widget3DPassThrough_Opaque.uexp" 220
"../../../Engine/Content/EngineMaterials/Widget3DPassThrough_Masked_OneSided.uasset" 221
"../../../Engine/Content/EngineMaterials/Widget3DPassThrough_Masked_OneSided.uexp" 222
"../../../Engine/Content/EngineMaterials/Widget3DPassThrough_Opaque_OneSided.uasset" 223
"../../../Engine/Content/EngineMaterials/Widget3DPassThrough_Opaque_OneSided.uexp" 224
"../../../Engine/Content/EngineMaterials/Widget3DPassThrough_Translucent.uasset" 225
"../../../Engine/Content/EngineMaterials/Widget3DPassThrough_Translucent.uexp" 226
"../../../Engine/Content/EngineMaterials/Widget3DPassThrough_Translucent_OneSided.uasset" 227
"../../../Engine/Content/EngineMaterials/Widget3DPassThrough_Translucent_OneSided.uexp" 228
"../../../Engine/Content/EngineMeshes/Cylinder.uasset" 229
"../../../Engine/Content/EngineMeshes/Cylinder.uexp" 230
"../../../Engine/Content/EngineMeshes/Sphere.uasset" 231
"../../../Engine/Content/EngineMeshes/Sphere.uexp" 232
"../../../Engine/Content/EngineResources/DefaultTextureCube.uasset" 233
"../../../Engine/Content/EngineResources/DefaultTextureCube.uexp" 234
"../../../Engine/Content/EngineResources/DefaultVolumeTexture2D.uasset" 235
"../../../Engine/Content/EngineResources/DefaultVolumeTexture2D.uexp" 236
"../../../Engine/Content/EngineResources/DefaultVolumeTexture.uasset" 237
"../../../Engine/Content/EngineResources/DefaultVolumeTexture.uexp" 238
"../../../Engine/Content/EngineResources/GradientTexture0.uasset" 239
"../../../Engine/Content/EngineResources/GradientTexture0.uexp" 240
"../../../Engine/Content/EngineSky/VolumetricClouds/T_NoiseShape64.uasset" 241
"../../../Engine/Content/EngineSky/VolumetricClouds/T_NoiseShape64.uexp" 242
"../../../Engine/Content/EngineSky/VolumetricClouds/T_NoiseShape64.ubulk" 243
"../../../Engine/Content/EngineSky/VolumetricClouds/T_VolumeNoiseShape64.uasset" 244
"../../../Engine/Content/EngineSky/VolumetricClouds/T_VolumeNoiseShape64.uexp" 245
"../../../Engine/Content/EngineSky/VolumetricClouds/T_NoiseErosion.uasset" 246
"../../../Engine/Content/EngineSky/VolumetricClouds/T_NoiseErosion.uexp" 247
"../../../Engine/Content/EngineSky/VolumetricClouds/T_NoiseErosion.ubulk" 248
"../../../Engine/Content/EngineSky/VolumetricClouds/T_VolumeNoiseErosion32.uasset" 249
"../../../Engine/Content/EngineSky/VolumetricClouds/T_VolumeNoiseErosion32.uexp" 250
"../../../Engine/Content/EngineSky/VolumetricClouds/CloudWeatherTexture.uasset" 251
"../../../Engine/Content/EngineSky/VolumetricClouds/CloudWeatherTexture.uexp" 252
"../../../Engine/Content/EngineSky/VolumetricClouds/CloudGradientTexture.uasset" 253
"../../../Engine/Content/EngineSky/VolumetricClouds/CloudGradientTexture.uexp" 254
"../../../Engine/Content/Functions/Engine_MaterialFunctions02/Utility/MakeFloat2.uasset" 255
"../../../Engine/Content/Functions/Engine_MaterialFunctions02/Utility/MakeFloat2.uexp" 256
"../../../Engine/Content/EngineSky/VolumetricClouds/m_SimpleVolumetricCloud.uasset" 257
"../../../Engine/Content/EngineSky/VolumetricClouds/m_SimpleVolumetricCloud.uexp" 258
"../../../Engine/Content/EngineSky/VolumetricClouds/m_SimpleVolumetricCloud_Inst.uasset" 259
"../../../Engine/Content/EngineSky/VolumetricClouds/m_SimpleVolumetricCloud_Inst.uexp" 260
"../../../Engine/Content/EngineSounds/Master.uasset" 261
"../../../Engine/Content/EngineSounds/Master.uexp" 262
"../../../Engine/Content/Functions/Engine_MaterialFunctions01/Shading/PowerToRoughness.uasset" 263
"../../../Engine/Content/Functions/Engine_MaterialFunctions01/Shading/PowerToRoughness.uexp" 264
"../../../Engine/Content/Maps/Templates/Thumbnails/Default.uasset" 265
"../../../Engine/Content/Maps/Templates/Thumbnails/Default.uexp" 266
"../../../Engine/Content/Maps/Templates/Thumbnails/TimeOfDay.uasset" 267
"../../../Engine/Content/Maps/Templates/Thumbnails/TimeOfDay.uexp" 268
"../../../Engine/Content/Maps/Templates/Thumbnails/VR-Basic.uasset" 269
"../../../Engine/Content/Maps/Templates/Thumbnails/VR-Basic.uexp" 270
"../../../Engine/Content/MobileResources/T_MobileControls_texture.uasset" 271
"../../../Engine/Content/MobileResources/T_MobileControls_texture.uexp" 272
"../../../Engine/Content/MobileResources/T_MobileMenu2.uasset" 273
"../../../Engine/Content/MobileResources/T_MobileMenu2.uexp" 274
"../../../Engine/Content/MobileResources/HUD/AnalogHat.uasset" 275
"../../../Engine/Content/MobileResources/HUD/AnalogHat.uexp" 276
"../../../Engine/Content/MobileResources/HUD/VirtualJoystick_Thumb.uasset" 277
"../../../Engine/Content/MobileResources/HUD/VirtualJoystick_Thumb.uexp" 278
"../../../Engine/Content/MobileResources/HUD/VirtualJoystick_Background.uasset" 279
"../../../Engine/Content/MobileResources/HUD/VirtualJoystick_Background.uexp" 280
"../../../Engine/Content/MobileResources/HUD/DefaultVirtualJoysticks.uasset" 281
"../../../Engine/Content/MobileResources/HUD/DefaultVirtualJoysticks.uexp" 282
"../../../Engine/Content/MobileResources/HUD/LeftVirtualJoystickOnly.uasset" 283
"../../../Engine/Content/MobileResources/HUD/LeftVirtualJoystickOnly.uexp" 284
"../../../Engine/Content/MobileResources/HUD/MobileHUDButton1_off.uasset" 285
"../../../Engine/Content/MobileResources/HUD/MobileHUDButton1_off.uexp" 286
"../../../Engine/Content/MobileResources/HUD/MobileHUDButton1_on.uasset" 287
"../../../Engine/Content/MobileResources/HUD/MobileHUDButton1_on.uexp" 288
"../../../Engine/Content/MobileResources/HUD/MobileHUDButton2_off.uasset" 289
"../../../Engine/Content/MobileResources/HUD/MobileHUDButton2_off.uexp" 290
"../../../Engine/Content/MobileResources/HUD/MobileHUDButton2_on.uasset" 291
"../../../Engine/Content/MobileResources/HUD/MobileHUDButton2_on.uexp" 292
"../../../Engine/Content/MobileResources/HUD/MobileHUDButton3.uasset" 293
"../../../Engine/Content/MobileResources/HUD/MobileHUDButton3.uexp" 294
"../../../Engine/Content/MobileResources/HUD/MobileHUDButtonFire.uasset" 295
"../../../Engine/Content/MobileResources/HUD/MobileHUDButtonFire.uexp" 296
"../../../Engine/Content/MobileResources/HUD/MobileHUDDirectionPad.uasset" 297
"../../../Engine/Content/MobileResources/HUD/MobileHUDDirectionPad.uexp" 298
"../../../Engine/Content/MobileResources/HUD/MobileHUDDirectionPad2.uasset" 299
"../../../Engine/Content/MobileResources/HUD/MobileHUDDirectionPad2.uexp" 300
"../../../Engine/Content/MobileResources/HUD/MobileHUDDirectionPad3.uasset" 301
"../../../Engine/Content/MobileResources/HUD/MobileHUDDirectionPad3.uexp" 302
"../../../Engine/Content/MobileResources/HUD/MobileHUDDirectionStick.uasset" 303
"../../../Engine/Content/MobileResources/HUD/MobileHUDDirectionStick.uexp" 304
"../../../Engine/Content/MobileResources/HUD/T_Castle_ThumbstickInner.uasset" 305
"../../../Engine/Content/MobileResources/HUD/T_Castle_ThumbstickInner.uexp" 306
"../../../Engine/Content/MobileResources/HUD/T_Castle_ThumbstickOutter.uasset" 307
"../../../Engine/Content/MobileResources/HUD/T_Castle_ThumbstickOutter.uexp" 308
"../../../Engine/Content/Tutorial/ContentIntroCurve.uasset" 309
"../../../Engine/Content/Tutorial/ContentIntroCurve.uexp" 310
"../../../Engine/Content/Tutorial/Basics/TutorialAssets/icon_tab_Levels_40x.uasset" 311
"../../../Engine/Content/Tutorial/Basics/TutorialAssets/icon_tab_Levels_40x.uexp" 312
"../../../Engine/Content/VREditor/TransformGizmo/TranslucentTransformGizmoMaterial.uasset" 313
"../../../Engine/Content/VREditor/TransformGizmo/TranslucentTransformGizmoMaterial.uexp" 314
"../../../Engine/Content/VREditor/LaserPointer/VR_LaserPower_01.uasset" 315
"../../../Engine/Content/VREditor/LaserPointer/VR_LaserPower_01.uexp" 316
"../../../Engine/Content/VREditor/LaserPointer/VR_LaserPower_01.ubulk" 317
"../../../Engine/Content/VREditor/TransformGizmo/TransformGizmoMaterial.uasset" 318
"../../../Engine/Content/VREditor/TransformGizmo/TransformGizmoMaterial.uexp" 319
"../../../Engine/Content/VREditor/TransformGizmo/BoundingBoxCorner.uasset" 320
"../../../Engine/Content/VREditor/TransformGizmo/BoundingBoxCorner.uexp" 321
"../../../Engine/Content/VREditor/TransformGizmo/BoundingBoxEdge.uasset" 322
"../../../Engine/Content/VREditor/TransformGizmo/BoundingBoxEdge.uexp" 323
"../../../Engine/Content/VREditor/TransformGizmo/PlaneTranslationHandle.uasset" 324
"../../../Engine/Content/VREditor/TransformGizmo/PlaneTranslationHandle.uexp" 325
"../../../Engine/Content/VREditor/TransformGizmo/Xray.uasset" 326
"../../../Engine/Content/VREditor/TransformGizmo/Xray.uexp" 327
"../../../Engine/Content/VREditor/TransformGizmo/Main.uasset" 328
"../../../Engine/Content/VREditor/TransformGizmo/Main.uexp" 329
"../../../Engine/Content/VREditor/TransformGizmo/SM_Sequencer_Key.uasset" 330
"../../../Engine/Content/VREditor/TransformGizmo/SM_Sequencer_Key.uexp" 331
"../../../Engine/Content/VREditor/TransformGizmo/SM_Sequencer_Node.uasset" 332
"../../../Engine/Content/VREditor/TransformGizmo/SM_Sequencer_Node.uexp" 333
"../../../Engine/Plugins/2D/Paper2D/Content/PlaceholderTextures/DummySpriteTexture.uasset" 334
"../../../Engine/Plugins/2D/Paper2D/Content/PlaceholderTextures/DummySpriteTexture.uexp" 335
"../../../Engine/Plugins/2D/Paper2D/Content/PlaceholderTextures/DummySpriteTexture.ubulk" 336
"../../../Engine/Plugins/2D/Paper2D/Content/DummySprite.uasset" 337
"../../../Engine/Plugins/2D/Paper2D/Content/DummySprite.uexp" 338
"../../../Engine/Plugins/2D/Paper2D/Content/DefaultPaperTerrainMaterial.uasset" 339
"../../../Engine/Plugins/2D/Paper2D/Content/DefaultPaperTerrainMaterial.uexp" 340
"../../../Engine/Plugins/2D/Paper2D/Content/DefaultSpriteMaterial.uasset" 341
"../../../Engine/Plugins/2D/Paper2D/Content/DefaultSpriteMaterial.uexp" 342
"../../../Engine/Plugins/2D/Paper2D/Content/MaskedUnlitSpriteMaterial.uasset" 343
"../../../Engine/Plugins/2D/Paper2D/Content/MaskedUnlitSpriteMaterial.uexp" 344
"../../../Engine/Plugins/2D/Paper2D/Content/OpaqueUnlitSpriteMaterial.uasset" 345
"../../../Engine/Plugins/2D/Paper2D/Content/OpaqueUnlitSpriteMaterial.uexp" 346
"../../../Engine/Plugins/Runtime/OpenXR/Content/Devices/GoogleDaydream/MRTexture.uasset" 347
"../../../Engine/Plugins/Runtime/OpenXR/Content/Devices/GoogleDaydream/MRTexture.uexp" 348
"../../../Engine/Plugins/Runtime/OpenXR/Content/Devices/GoogleDaydream/MRTexture.ubulk" 349
"../../../Engine/Plugins/Runtime/OpenXR/Content/Devices/GoogleDaydream/BaseTexture.uasset" 350
"../../../Engine/Plugins/Runtime/OpenXR/Content/Devices/GoogleDaydream/BaseTexture.uexp" 351
"../../../Engine/Plugins/Runtime/OpenXR/Content/Devices/GoogleDaydream/BaseTexture.ubulk" 352
"../../../Engine/Content/EngineResources/Black.uasset" 353
"../../../Engine/Content/EngineResources/Black.uexp" 354
"../../../Engine/Plugins/Runtime/OpenXR/Content/Devices/M_XRController.uasset" 355
"../../../Engine/Plugins/Runtime/OpenXR/Content/Devices/M_XRController.uexp" 356
"../../../Engine/Plugins/Runtime/OpenXR/Content/Devices/GoogleDaydream/MI_GoogleDaydream.uasset" 357
"../../../Engine/Plugins/Runtime/OpenXR/Content/Devices/GoogleDaydream/MI_GoogleDaydream.uexp" 358
"../../../Engine/Plugins/Runtime/OpenXR/Content/Devices/GoogleDaydream/GoogleDaydreamController.uasset" 359
"../../../Engine/Plugins/Runtime/OpenXR/Content/Devices/GoogleDaydream/GoogleDaydreamController.uexp" 360
"../../../Engine/Plugins/Runtime/OpenXR/Content/Devices/HTCVive/BaseTexture.uasset" 361
"../../../Engine/Plugins/Runtime/OpenXR/Content/Devices/HTCVive/BaseTexture.uexp" 362
"../../../Engine/Plugins/Runtime/OpenXR/Content/Devices/HTCVive/BaseTexture.ubulk" 363
"../../../Engine/Plugins/Runtime/OpenXR/Content/Devices/HTCVive/MI_HTCVive.uasset" 364
"../../../Engine/Plugins/Runtime/OpenXR/Content/Devices/HTCVive/MI_HTCVive.uexp" 365
"../../../Engine/Plugins/Runtime/OpenXR/Content/Devices/HTCVive/HTCViveController.uasset" 366
"../../../Engine/Plugins/Runtime/OpenXR/Content/Devices/HTCVive/HTCViveController.uexp" 367
"../../../Engine/Plugins/Runtime/OpenXR/Content/Devices/MicrosoftMixedReality/NormalTexture.uasset" 368
"../../../Engine/Plugins/Runtime/OpenXR/Content/Devices/MicrosoftMixedReality/NormalTexture.uexp" 369
"../../../Engine/Plugins/Runtime/OpenXR/Content/Devices/MicrosoftMixedReality/NormalTexture.ubulk" 370
"../../../Engine/Plugins/Runtime/OpenXR/Content/Devices/MicrosoftMixedReality/MRTexture.uasset" 371
"../../../Engine/Plugins/Runtime/OpenXR/Content/Devices/MicrosoftMixedReality/MRTexture.uexp" 372
"../../../Engine/Plugins/Runtime/OpenXR/Content/Devices/MicrosoftMixedReality/MRTexture.ubulk" 373
"../../../Engine/Plugins/Runtime/OpenXR/Content/Devices/MicrosoftMixedReality/EmissiveTexture.uasset" 374
"../../../Engine/Plugins/Runtime/OpenXR/Content/Devices/MicrosoftMixedReality/EmissiveTexture.uexp" 375
"../../../Engine/Plugins/Runtime/OpenXR/Content/Devices/MicrosoftMixedReality/EmissiveTexture.ubulk" 376
"../../../Engine/Plugins/Runtime/OpenXR/Content/Devices/MicrosoftMixedReality/BaseTexture.uasset" 377
"../../../Engine/Plugins/Runtime/OpenXR/Content/Devices/MicrosoftMixedReality/BaseTexture.uexp" 378
"../../../Engine/Plugins/Runtime/OpenXR/Content/Devices/MicrosoftMixedReality/BaseTexture.ubulk" 379
"../../../Engine/Plugins/Runtime/OpenXR/Content/Devices/MicrosoftMixedReality/MI_MicrosoftMixedReality.uasset" 380
"../../../Engine/Plugins/Runtime/OpenXR/Content/Devices/MicrosoftMixedReality/MI_MicrosoftMixedReality.uexp" 381
"../../../Engine/Plugins/Runtime/OpenXR/Content/Devices/MicrosoftMixedReality/Left/left_MicrosoftMixedRealityController.uasset" 382
"../../../Engine/Plugins/Runtime/OpenXR/Content/Devices/MicrosoftMixedReality/Left/left_MicrosoftMixedRealityController.uexp" 383
"../../../Engine/Plugins/Runtime/OpenXR/Content/Devices/MicrosoftMixedReality/Right/right_MicrosoftMixedRealityController.uasset" 384
"../../../Engine/Plugins/Runtime/OpenXR/Content/Devices/MicrosoftMixedReality/Right/right_MicrosoftMixedRealityController.uexp" 385
"../../../Engine/Plugins/Runtime/OpenXR/Content/Devices/OculusGo/BaseTexture.uasset" 386
"../../../Engine/Plugins/Runtime/OpenXR/Content/Devices/OculusGo/BaseTexture.uexp" 387
"../../../Engine/Plugins/Runtime/OpenXR/Content/Devices/OculusGo/BaseTexture.ubulk" 388
"../../../Engine/Plugins/Runtime/OpenXR/Content/Devices/OculusGo/MI_OculusGo.uasset" 389
"../../../Engine/Plugins/Runtime/OpenXR/Content/Devices/OculusGo/MI_OculusGo.uexp" 390
"../../../Engine/Plugins/Runtime/OpenXR/Content/Devices/OculusGo/OculusGoController.uasset" 391
"../../../Engine/Plugins/Runtime/OpenXR/Content/Devices/OculusGo/OculusGoController.uexp" 392
"../../../Engine/Plugins/Runtime/OpenXR/Content/Devices/OculusTouch/MRTexture.uasset" 393
"../../../Engine/Plugins/Runtime/OpenXR/Content/Devices/OculusTouch/MRTexture.uexp" 394
"../../../Engine/Plugins/Runtime/OpenXR/Content/Devices/OculusTouch/MRTexture.ubulk" 395
"../../../Engine/Plugins/Runtime/OpenXR/Content/Devices/OculusTouch/BaseTexture.uasset" 396
"../../../Engine/Plugins/Runtime/OpenXR/Content/Devices/OculusTouch/BaseTexture.uexp" 397
"../../../Engine/Plugins/Runtime/OpenXR/Content/Devices/OculusTouch/BaseTexture.ubulk" 398
"../../../Engine/Plugins/Runtime/OpenXR/Content/Devices/OculusTouch/MI_OculusTouch.uasset" 399
"../../../Engine/Plugins/Runtime/OpenXR/Content/Devices/OculusTouch/MI_OculusTouch.uexp" 400
"../../../Engine/Plugins/Runtime/OpenXR/Content/Devices/OculusTouch/Left/left_OculusTouchController.uasset" 401
"../../../Engine/Plugins/Runtime/OpenXR/Content/Devices/OculusTouch/Left/left_OculusTouchController.uexp" 402
"../../../Engine/Plugins/Runtime/OpenXR/Content/Devices/OculusTouch/Right/right_OculusTouchController.uasset" 403
"../../../Engine/Plugins/Runtime/OpenXR/Content/Devices/OculusTouch/Right/right_OculusTouchController.uexp" 404
"../../../Engine/Plugins/Runtime/OpenXR/Content/Devices/OculusTouch_v2/MRTexture.uasset" 405
"../../../Engine/Plugins/Runtime/OpenXR/Content/Devices/OculusTouch_v2/MRTexture.uexp" 406
"../../../Engine/Plugins/Runtime/OpenXR/Content/Devices/OculusTouch_v2/MRTexture.ubulk" 407
"../../../Engine/Plugins/Runtime/OpenXR/Content/Devices/OculusTouch_v2/BaseTexture.uasset" 408
"../../../Engine/Plugins/Runtime/OpenXR/Content/Devices/OculusTouch_v2/BaseTexture.uexp" 409
"../../../Engine/Plugins/Runtime/OpenXR/Content/Devices/OculusTouch_v2/BaseTexture.ubulk" 410
"../../../Engine/Plugins/Runtime/OpenXR/Content/Devices/OculusTouch_v2/MI_OculusTouch_v2.uasset" 411
"../../../Engine/Plugins/Runtime/OpenXR/Content/Devices/OculusTouch_v2/MI_OculusTouch_v2.uexp" 412
"../../../Engine/Plugins/Runtime/OpenXR/Content/Devices/OculusTouch_v2/Left/left_OculusTouch_v2Controller.uasset" 413
"../../../Engine/Plugins/Runtime/OpenXR/Content/Devices/OculusTouch_v2/Left/left_OculusTouch_v2Controller.uexp" 414
"../../../Engine/Plugins/Runtime/OpenXR/Content/Devices/OculusTouch_v2/Right/right_OculusTouch_v2Controller.uasset" 415
"../../../Engine/Plugins/Runtime/OpenXR/Content/Devices/OculusTouch_v2/Right/right_OculusTouch_v2Controller.uexp" 416
"../../../Engine/Plugins/Runtime/OpenXR/Content/Devices/OculusTouch_v3/MRTexture.uasset" 417
"../../../Engine/Plugins/Runtime/OpenXR/Content/Devices/OculusTouch_v3/MRTexture.uexp" 418
"../../../Engine/Plugins/Runtime/OpenXR/Content/Devices/OculusTouch_v3/MRTexture.ubulk" 419
"../../../Engine/Plugins/Runtime/OpenXR/Content/Devices/OculusTouch_v3/BaseTexture.uasset" 420
"../../../Engine/Plugins/Runtime/OpenXR/Content/Devices/OculusTouch_v3/BaseTexture.uexp" 421
"../../../Engine/Plugins/Runtime/OpenXR/Content/Devices/OculusTouch_v3/BaseTexture.ubulk" 422
"../../../Engine/Plugins/Runtime/OpenXR/Content/Devices/OculusTouch_v3/MI_OculusTouch_v3.uasset" 423
"../../../Engine/Plugins/Runtime/OpenXR/Content/Devices/OculusTouch_v3/MI_OculusTouch_v3.uexp" 424
"../../../Engine/Plugins/Runtime/OpenXR/Content/Devices/OculusTouch_v3/Left/left_OculusTouch_v3Controller.uasset" 425
"../../../Engine/Plugins/Runtime/OpenXR/Content/Devices/OculusTouch_v3/Left/left_OculusTouch_v3Controller.uexp" 426
"../../../Engine/Plugins/Runtime/OpenXR/Content/Devices/OculusTouch_v3/Right/right_OculusTouch_v3Controller.uasset" 427
"../../../Engine/Plugins/Runtime/OpenXR/Content/Devices/OculusTouch_v3/Right/right_OculusTouch_v3Controller.uexp" 428
"../../../Engine/Plugins/Runtime/OpenXR/Content/Devices/ValveIndex/MRTexture.uasset" 429
"../../../Engine/Plugins/Runtime/OpenXR/Content/Devices/ValveIndex/MRTexture.uexp" 430
"../../../Engine/Plugins/Runtime/OpenXR/Content/Devices/ValveIndex/MRTexture.ubulk" 431
"../../../Engine/Plugins/Runtime/OpenXR/Content/Devices/ValveIndex/BaseTexture.uasset" 432
"../../../Engine/Plugins/Runtime/OpenXR/Content/Devices/ValveIndex/BaseTexture.uexp" 433
"../../../Engine/Plugins/Runtime/OpenXR/Content/Devices/ValveIndex/BaseTexture.ubulk" 434
"../../../Engine/Plugins/Runtime/OpenXR/Content/Devices/ValveIndex/Left/MI_left_ValveIndex.uasset" 435
"../../../Engine/Plugins/Runtime/OpenXR/Content/Devices/ValveIndex/Left/MI_left_ValveIndex.uexp" 436
"../../../Engine/Plugins/Runtime/OpenXR/Content/Devices/ValveIndex/Left/left_ValveIndexController.uasset" 437
"../../../Engine/Plugins/Runtime/OpenXR/Content/Devices/ValveIndex/Left/left_ValveIndexController.uexp" 438
"../../../Engine/Plugins/Runtime/OpenXR/Content/Devices/ValveIndex/Right/MI_right_ValveIndex.uasset" 439
"../../../Engine/Plugins/Runtime/OpenXR/Content/Devices/ValveIndex/Right/MI_right_ValveIndex.uexp" 440
"../../../Engine/Plugins/Runtime/OpenXR/Content/Devices/ValveIndex/Right/right_ValveIndexController.uasset" 441
"../../../Engine/Plugins/Runtime/OpenXR/Content/Devices/ValveIndex/Right/right_ValveIndexController.uexp" 442
"../../../Engine/Content/ArtTools/RenderToTexture/Materials/Debug/M_Emissive_Color.uasset" 443
"../../../Engine/Content/ArtTools/RenderToTexture/Materials/Debug/M_Emissive_Color.uexp" 444
"../../../Engine/Content/BasicShapes/Cylinder.uasset" 445
"../../../Engine/Content/BasicShapes/Cylinder.uexp" 446
"../../../Engine/Content/Functions/Engine_MaterialFunctions02/Utility/VectorLength.uasset" 447
"../../../Engine/Content/Functions/Engine_MaterialFunctions02/Utility/VectorLength.uexp" 448
"../../../Engine/Content/Functions/Engine_MaterialFunctions02/ObjectLocalBounds.uasset" 449
"../../../Engine/Content/Functions/Engine_MaterialFunctions02/ObjectLocalBounds.uexp" 450
"../../../Engine/Content/Functions/Engine_MaterialFunctions02/WorldPositionOffset/ObjectScale.uasset" 451
"../../../Engine/Content/Functions/Engine_MaterialFunctions02/WorldPositionOffset/ObjectScale.uexp" 452
"../../../Engine/Content/Functions/Engine_MaterialFunctions02/Utility/BreakOutFloat3Components.uasset" 453
"../../../Engine/Content/Functions/Engine_MaterialFunctions02/Utility/BreakOutFloat3Components.uexp" 454
"../../../Engine/Plugins/Editor/SpeedTreeImporter/Content/SpeedTree9/UnpackInteger3.uasset" 455
"../../../Engine/Plugins/Editor/SpeedTreeImporter/Content/SpeedTree9/UnpackInteger3.uexp" 456
"../../../Engine/Plugins/Editor/SpeedTreeImporter/Content/SpeedTree9/UnpackDirection.uasset" 457
"../../../Engine/Plugins/Editor/SpeedTreeImporter/Content/SpeedTree9/UnpackDirection.uexp" 458
"../../../Engine/Plugins/Editor/SpeedTreeImporter/Content/SpeedTree9/game_wind_noise.uasset" 459
"../../../Engine/Plugins/Editor/SpeedTreeImporter/Content/SpeedTree9/game_wind_noise.uexp" 460
"../../../Engine/Plugins/Editor/SpeedTreeImporter/Content/SpeedTree9/game_wind_noise.ubulk" 461
"../../../Engine/Content/Functions/Engine_MaterialFunctions02/SafeNormalize.uasset" 462
"../../../Engine/Content/Functions/Engine_MaterialFunctions02/SafeNormalize.uexp" 463
"../../../Engine/Plugins/Editor/SpeedTreeImporter/Content/SpeedTree9/SpeedTreeWindMotion.uasset" 464
"../../../Engine/Plugins/Editor/SpeedTreeImporter/Content/SpeedTree9/SpeedTreeWindMotion.uexp" 465
"../../../Engine/Plugins/Editor/SpeedTreeImporter/Content/SpeedTree9/SpeedTreeBranchMotion.uasset" 466
"../../../Engine/Plugins/Editor/SpeedTreeImporter/Content/SpeedTree9/SpeedTreeBranchMotion.uexp" 467
"../../../Engine/Content/Functions/Engine_MaterialFunctions02/UVs/BoundingBoxBased_0-1_UVW.uasset" 468
"../../../Engine/Content/Functions/Engine_MaterialFunctions02/UVs/BoundingBoxBased_0-1_UVW.uexp" 469
"../../../Engine/Plugins/Editor/SpeedTreeImporter/Content/SpeedTree9/SpeedTreeWind.uasset" 470
"../../../Engine/Plugins/Editor/SpeedTreeImporter/Content/SpeedTree9/SpeedTreeWind.uexp" 471
"../../../Engine/Plugins/Editor/SpeedTreeImporter/Content/SpeedTree9/SpeedTreeBillboard.uasset" 472
"../../../Engine/Plugins/Editor/SpeedTreeImporter/Content/SpeedTree9/SpeedTreeBillboard.uexp" 473
"../../../Engine/Plugins/Editor/SpeedTreeImporter/Content/SpeedTree9/EmptyNormal.uasset" 474
"../../../Engine/Plugins/Editor/SpeedTreeImporter/Content/SpeedTree9/EmptyNormal.uexp" 475
"../../../Engine/Plugins/Editor/SpeedTreeImporter/Content/SpeedTree9/Empty.uasset" 476
"../../../Engine/Plugins/Editor/SpeedTreeImporter/Content/SpeedTree9/Empty.uexp" 477
"../../../Engine/Plugins/Editor/SpeedTreeImporter/Content/SpeedTree9/SpeedTreeBillboardMaster.uasset" 478
"../../../Engine/Plugins/Editor/SpeedTreeImporter/Content/SpeedTree9/SpeedTreeBillboardMaster.uexp" 479
"../../../Engine/Plugins/Editor/SpeedTreeImporter/Content/SpeedTree9/SpeedTreeCameraFacing.uasset" 480
"../../../Engine/Plugins/Editor/SpeedTreeImporter/Content/SpeedTree9/SpeedTreeCameraFacing.uexp" 481
"../../../Engine/Plugins/Editor/SpeedTreeImporter/Content/SpeedTree9/SpeedTreeMaster.uasset" 482
"../../../Engine/Plugins/Editor/SpeedTreeImporter/Content/SpeedTree9/SpeedTreeMaster.uexp" 483
"../../../Engine/Content/ArtTools/RenderToTexture/Textures/127grey.uasset" 484
"../../../Engine/Content/ArtTools/RenderToTexture/Textures/127grey.uexp" 485
"../../../Engine/Content/Functions/Engine_MaterialFunctions02/Texturing/CustomRotator.uasset" 486
"../../../Engine/Content/Functions/Engine_MaterialFunctions02/Texturing/CustomRotator.uexp" 487
"../../../Engine/Plugins/Enterprise/DatasmithContent/Content/Materials/TileMirrorAxis.uasset" 488
"../../../Engine/Plugins/Enterprise/DatasmithContent/Content/Materials/TileMirrorAxis.uexp" 489
"../../../Engine/Plugins/Enterprise/DatasmithContent/Content/Materials/UVEdit.uasset" 490
"../../../Engine/Plugins/Enterprise/DatasmithContent/Content/Materials/UVEdit.uexp" 491
"../../../Engine/Plugins/Enterprise/DatasmithContent/Content/Materials/C4DMasterUV.uasset" 492
"../../../Engine/Plugins/Enterprise/DatasmithContent/Content/Materials/C4DMasterUV.uexp" 493
"../../../Engine/Content/Functions/Engine_MaterialFunctions01/Texturing/FlattenNormal.uasset" 494
"../../../Engine/Content/Functions/Engine_MaterialFunctions01/Texturing/FlattenNormal.uexp" 495
"../../../Engine/Content/Functions/Engine_MaterialFunctions02/HueShift.uasset" 496
"../../../Engine/Content/Functions/Engine_MaterialFunctions02/HueShift.uexp" 497
"../../../Engine/Content/EngineMaterials/T_Default_Normal.uasset" 498
"../../../Engine/Content/EngineMaterials/T_Default_Normal.uexp" 499
"../../../Engine/Content/EngineMaterials/T_Default_Normal.ubulk" 500
"../../../Engine/Content/EditorLandscapeResources/WhiteSquareTexture.uasset" 501
"../../../Engine/Content/EditorLandscapeResources/WhiteSquareTexture.uexp" 502
"../../../Engine/Plugins/Enterprise/DatasmithContent/Content/Materials/C4DMaster.uasset" 503
"../../../Engine/Plugins/Enterprise/DatasmithContent/Content/Materials/C4DMaster.uexp" 504
"../../../Engine/Content/EngineMaterials/FlatNormal.uasset" 505
"../../../Engine/Content/EngineMaterials/FlatNormal.uexp" 506
"../../../Engine/Plugins/Enterprise/DatasmithContent/Content/Materials/CE_BaseMaster.uasset" 507
"../../../Engine/Plugins/Enterprise/DatasmithContent/Content/Materials/CE_BaseMaster.uexp" 508
"../../../Engine/Plugins/Enterprise/DatasmithContent/Content/Materials/CE_OpacityMaster.uasset" 509
"../../../Engine/Plugins/Enterprise/DatasmithContent/Content/Materials/CE_OpacityMaster.uexp" 510
"../../../Engine/Plugins/Enterprise/DatasmithContent/Content/Materials/CE_OpacitySimpleMaster.uasset" 511
"../../../Engine/Plugins/Enterprise/DatasmithContent/Content/Materials/CE_OpacitySimpleMaster.uexp" 512
"../../../Engine/Plugins/Enterprise/DatasmithContent/Content/Materials/CE_OpaqueMaster.uasset" 513
"../../../Engine/Plugins/Enterprise/DatasmithContent/Content/Materials/CE_OpaqueMaster.uexp" 514
"../../../Engine/Content/Functions/Engine_MaterialFunctions03/Procedurals/NormalFromHeightmap.uasset" 515
"../../../Engine/Content/Functions/Engine_MaterialFunctions03/Procedurals/NormalFromHeightmap.uexp" 516
"../../../Engine/Content/EngineResources/DefaultTexture.uasset" 517
"../../../Engine/Content/EngineResources/DefaultTexture.uexp" 518
"../../../Engine/Content/EngineResources/DefaultTexture.ubulk" 519
"../../../Engine/Plugins/Enterprise/DatasmithContent/Content/Materials/RevitMaster.uasset" 520
"../../../Engine/Plugins/Enterprise/DatasmithContent/Content/Materials/RevitMaster.uexp" 521
"../../../Engine/Plugins/Enterprise/DatasmithContent/Content/Materials/SketchUpMaster.uasset" 522
"../../../Engine/Plugins/Enterprise/DatasmithContent/Content/Materials/SketchUpMaster.uexp" 523
"../../../Engine/Plugins/Enterprise/DatasmithContent/Content/Materials/FBXImporter/DeltaGenUVEdit.uasset" 524
"../../../Engine/Plugins/Enterprise/DatasmithContent/Content/Materials/FBXImporter/DeltaGenUVEdit.uexp" 525
"../../../Engine/Plugins/Enterprise/DatasmithContent/Content/Materials/FBXImporter/DeltaGenBase.uasset" 526
"../../../Engine/Plugins/Enterprise/DatasmithContent/Content/Materials/FBXImporter/DeltaGenBase.uexp" 527
"../../../Engine/Plugins/Enterprise/DatasmithContent/Content/Materials/FBXImporter/DeltaGenMaster.uasset" 528
"../../../Engine/Plugins/Enterprise/DatasmithContent/Content/Materials/FBXImporter/DeltaGenMaster.uexp" 529
"../../../Engine/Plugins/Enterprise/DatasmithContent/Content/Materials/FBXImporter/DeltaGenMasterTransparent.uasset" 530
"../../../Engine/Plugins/Enterprise/DatasmithContent/Content/Materials/FBXImporter/DeltaGenMasterTransparent.uexp" 531
"../../../Engine/Plugins/Enterprise/DatasmithContent/Content/Materials/FBXImporter/VRED/VREDRepeatMode.uasset" 532
"../../../Engine/Plugins/Enterprise/DatasmithContent/Content/Materials/FBXImporter/VRED/VREDRepeatMode.uexp" 533
"../../../Engine/Plugins/Enterprise/DatasmithContent/Content/Materials/FBXImporter/VRED/UVMapping.uasset" 534
"../../../Engine/Plugins/Enterprise/DatasmithContent/Content/Materials/FBXImporter/VRED/UVMapping.uexp" 535
"../../../Engine/Content/Functions/Engine_MaterialFunctions02/WorldPositionOffset/LocalPosition.uasset" 536
"../../../Engine/Content/Functions/Engine_MaterialFunctions02/WorldPositionOffset/LocalPosition.uexp" 537
"../../../Engine/Plugins/Enterprise/DatasmithContent/Content/Materials/FBXImporter/VRED/TriplanarMapping.uasset" 538
"../../../Engine/Plugins/Enterprise/DatasmithContent/Content/Materials/FBXImporter/VRED/TriplanarMapping.uexp" 539
"../../../Engine/Plugins/Enterprise/DatasmithContent/Content/Materials/FBXImporter/VRED/PlanarMapping.uasset" 540
"../../../Engine/Plugins/Enterprise/DatasmithContent/Content/Materials/FBXImporter/VRED/PlanarMapping.uexp" 541
"../../../Engine/Plugins/Enterprise/DatasmithContent/Content/Materials/FBXImporter/VRED/VREDTextureRead.uasset" 542
"../../../Engine/Plugins/Enterprise/DatasmithContent/Content/Materials/FBXImporter/VRED/VREDTextureRead.uexp" 543
"../../../Engine/Content/Functions/Engine_MaterialFunctions02/Utility/MakeFloat3.uasset" 544
"../../../Engine/Content/Functions/Engine_MaterialFunctions02/Utility/MakeFloat3.uexp" 545
"../../../Engine/Plugins/Enterprise/DatasmithContent/Content/Materials/FBXImporter/VRED/ProcessNormal.uasset" 546
"../../../Engine/Plugins/Enterprise/DatasmithContent/Content/Materials/FBXImporter/VRED/ProcessNormal.uexp" 547
"../../../Engine/Content/Functions/MaterialLayerFunctions/MatLayerBlend_Simple.uasset" 548
"../../../Engine/Content/Functions/MaterialLayerFunctions/MatLayerBlend_Simple.uexp" 549
"../../../Engine/Content/Functions/Engine_MaterialFunctions01/Texturing/BakedDisplacement.uasset" 550
"../../../Engine/Content/Functions/Engine_MaterialFunctions01/Texturing/BakedDisplacement.uexp" 551
"../../../Engine/Content/Functions/Engine_MaterialFunctions02/Fresnel_Function.uasset" 552
"../../../Engine/Content/Functions/Engine_MaterialFunctions02/Fresnel_Function.uexp" 553
"../../../Engine/Plugins/Enterprise/DatasmithContent/Content/Materials/FBXImporter/VRED/BrushedMetal.uasset" 554
"../../../Engine/Plugins/Enterprise/DatasmithContent/Content/Materials/FBXImporter/VRED/BrushedMetal.uexp" 555
"../../../Engine/Plugins/Enterprise/DatasmithContent/Content/Materials/FBXImporter/VRED/Chrome.uasset" 556
"../../../Engine/Plugins/Enterprise/DatasmithContent/Content/Materials/FBXImporter/VRED/Chrome.uexp" 557
"../../../Engine/Content/Functions/Engine_MaterialFunctions01/Texturing/TextureCropping.uasset" 558
"../../../Engine/Content/Functions/Engine_MaterialFunctions01/Texturing/TextureCropping.uexp" 559
"../../../Engine/Content/Functions/Engine_MaterialFunctions01/Texturing/ComputeMipLevel.uasset" 560
"../../../Engine/Content/Functions/Engine_MaterialFunctions01/Texturing/ComputeMipLevel.uexp" 561
"../../../Engine/Content/Functions/Engine_MaterialFunctions02/ExampleContent/Textures/DebugNumberPeriod.uasset" 562
"../../../Engine/Content/Functions/Engine_MaterialFunctions02/ExampleContent/Textures/DebugNumberPeriod.uexp" 563
"../../../Engine/Content/Functions/Engine_MaterialFunctions02/ExampleContent/DebugNumberStrip.uasset" 564
"../../../Engine/Content/Functions/Engine_MaterialFunctions02/ExampleContent/DebugNumberStrip.uexp" 565
"../../../Engine/Content/Functions/Engine_MaterialFunctions02/Utility/DebugScalarValues.uasset" 566
"../../../Engine/Content/Functions/Engine_MaterialFunctions02/Utility/DebugScalarValues.uexp" 567
"../../../Engine/Content/Functions/Engine_MaterialFunctions02/Utility/DebugFloat3Values.uasset" 568
"../../../Engine/Content/Functions/Engine_MaterialFunctions02/Utility/DebugFloat3Values.uexp" 569
"../../../Engine/Content/Functions/Engine_MaterialFunctions02/Math/RGBtoHSV.uasset" 570
"../../../Engine/Content/Functions/Engine_MaterialFunctions02/Math/RGBtoHSV.uexp" 571
"../../../Engine/Plugins/Enterprise/DatasmithContent/Content/Materials/FBXImporter/VRED/Glass.uasset" 572
"../../../Engine/Plugins/Enterprise/DatasmithContent/Content/Materials/FBXImporter/VRED/Glass.uexp" 573
"../../../Engine/Plugins/Enterprise/DatasmithContent/Content/Materials/FBXImporter/VRED/Phong.uasset" 574
"../../../Engine/Plugins/Enterprise/DatasmithContent/Content/Materials/FBXImporter/VRED/Phong.uexp" 575
"../../../Engine/Plugins/Enterprise/DatasmithContent/Content/Materials/FBXImporter/VRED/Plastic.uasset" 576
"../../../Engine/Plugins/Enterprise/DatasmithContent/Content/Materials/FBXImporter/VRED/Plastic.uexp" 577
"../../../Engine/Content/Functions/MaterialLayerFunctions/MatLayerBlend_Standard.uasset" 578
"../../../Engine/Content/Functions/MaterialLayerFunctions/MatLayerBlend_Standard.uexp" 579
"../../../Engine/Content/EditorShapes/Textures/T_ShapeNormal.uasset" 580
"../../../Engine/Content/EditorShapes/Textures/T_ShapeNormal.uexp" 581
"../../../Engine/Content/EditorShapes/Textures/T_ShapeNormal.ubulk" 582
"../../../Engine/Plugins/Enterprise/DatasmithContent/Content/Materials/FBXImporter/VRED/UnicolorCarpaint.uasset" 583
"../../../Engine/Plugins/Enterprise/DatasmithContent/Content/Materials/FBXImporter/VRED/UnicolorCarpaint.uexp" 584
"../../../Engine/Plugins/Runtime/AR/ARUtilities/Content/Materials/DummyExternalTexture.uasset" 585
"../../../Engine/Plugins/Runtime/AR/ARUtilities/Content/Materials/DummyExternalTexture.uexp" 586
"../../../Engine/Plugins/Runtime/AR/ARUtilities/Content/Materials/M_PassthroughCamera.uasset" 587
"../../../Engine/Plugins/Runtime/AR/ARUtilities/Content/Materials/M_PassthroughCamera.uexp" 588
"../../../Engine/Plugins/Runtime/AR/ARUtilities/Content/Materials/MI_PassthroughCameraExternalTexture.uasset" 589
"../../../Engine/Plugins/Runtime/AR/ARUtilities/Content/Materials/MI_PassthroughCameraExternalTexture.uexp" 590
"../../../Engine/Plugins/Runtime/AR/ARUtilities/Content/Materials/M_ScreenSpacePassthroughCamera.uasset" 591
"../../../Engine/Plugins/Runtime/AR/ARUtilities/Content/Materials/M_ScreenSpacePassthroughCamera.uexp" 592
"../../../Engine/Plugins/Runtime/AR/ARUtilities/Content/Materials/MI_ScreenSpacePassthroughCameraExternalTexture.uasset" 593
"../../../Engine/Plugins/Runtime/AR/ARUtilities/Content/Materials/MI_ScreenSpacePassthroughCameraExternalTexture.uexp" 594
"../../../Engine/Plugins/Runtime/AR/ARUtilities/Content/Materials/MF_DistanceColorLerp.uasset" 595
"../../../Engine/Plugins/Runtime/AR/ARUtilities/Content/Materials/MF_DistanceColorLerp.uexp" 596
"../../../Engine/Plugins/Runtime/AR/ARUtilities/Content/Materials/M_DepthColoration.uasset" 597
"../../../Engine/Plugins/Runtime/AR/ARUtilities/Content/Materials/M_DepthColoration.uexp" 598
"../../../Engine/Content/Functions/Engine_MaterialFunctions02/Utility/BreakOutFloat4Components.uasset" 599
"../../../Engine/Content/Functions/Engine_MaterialFunctions02/Utility/BreakOutFloat4Components.uexp" 600
"../../../Engine/Plugins/Runtime/Oculus/OculusVR/Content/Materials/OculusMR_ChromaKey.uasset" 601
"../../../Engine/Plugins/Runtime/Oculus/OculusVR/Content/Materials/OculusMR_ChromaKey.uexp" 602
"../../../Engine/Plugins/Runtime/Oculus/OculusVR/Content/Materials/OculusMR_OpaqueColoredMaterial.uasset" 603
"../../../Engine/Plugins/Runtime/Oculus/OculusVR/Content/Materials/OculusMR_OpaqueColoredMaterial.uexp" 604
"../../../Engine/Plugins/Runtime/Oculus/OculusVR/Content/Materials/PokeAHoleMaterial.uasset" 605
"../../../Engine/Plugins/Runtime/Oculus/OculusVR/Content/Materials/PokeAHoleMaterial.uexp" 606
"../../../Engine/Plugins/Runtime/Oculus/OculusVR/Content/Textures/touchController_controlmap.uasset" 607
"../../../Engine/Plugins/Runtime/Oculus/OculusVR/Content/Textures/touchController_controlmap.uexp" 608
"../../../Engine/Plugins/Runtime/Oculus/OculusVR/Content/Textures/touchController_controlmap.ubulk" 609
"../../../Engine/Plugins/Runtime/Oculus/OculusVR/Content/Textures/touchController_albedo.uasset" 610
"../../../Engine/Plugins/Runtime/Oculus/OculusVR/Content/Textures/touchController_albedo.uexp" 611
"../../../Engine/Plugins/Runtime/Oculus/OculusVR/Content/Textures/touchController_albedo.ubulk" 612
"../../../Engine/Plugins/Runtime/Oculus/OculusVR/Content/Materials/touchController_mat.uasset" 613
"../../../Engine/Plugins/Runtime/Oculus/OculusVR/Content/Materials/touchController_mat.uexp" 614
"../../../Engine/Plugins/Runtime/Oculus/OculusVR/Content/Meshes/LeftTouchController.uasset" 615
"../../../Engine/Plugins/Runtime/Oculus/OculusVR/Content/Meshes/LeftTouchController.uexp" 616
"../../../Engine/Plugins/Runtime/Oculus/OculusVR/Content/Textures/TouchForQuestRiftSController_albedo.uasset" 617
"../../../Engine/Plugins/Runtime/Oculus/OculusVR/Content/Textures/TouchForQuestRiftSController_albedo.uexp" 618
"../../../Engine/Plugins/Runtime/Oculus/OculusVR/Content/Textures/TouchForQuestRiftSController_albedo.ubulk" 619
"../../../Engine/Plugins/Runtime/Oculus/OculusVR/Content/Materials/TouchForQuestRiftSControllerMaterial.uasset" 620
"../../../Engine/Plugins/Runtime/Oculus/OculusVR/Content/Materials/TouchForQuestRiftSControllerMaterial.uexp" 621
"../../../Engine/Plugins/Runtime/Oculus/OculusVR/Content/Meshes/LeftTouchForQuestRiftSController.uasset" 622
"../../../Engine/Plugins/Runtime/Oculus/OculusVR/Content/Meshes/LeftTouchForQuestRiftSController.uexp" 623
"../../../Engine/Plugins/Runtime/Oculus/OculusVR/Content/Meshes/RiftHMD.uasset" 624
"../../../Engine/Plugins/Runtime/Oculus/OculusVR/Content/Meshes/RiftHMD.uexp" 625
"../../../Engine/Plugins/Runtime/Oculus/OculusVR/Content/Meshes/RightTouchController.uasset" 626
"../../../Engine/Plugins/Runtime/Oculus/OculusVR/Content/Meshes/RightTouchController.uexp" 627
"../../../Engine/Plugins/Runtime/Oculus/OculusVR/Content/Meshes/RightTouchForQuestRiftSController.uasset" 628
"../../../Engine/Plugins/Runtime/Oculus/OculusVR/Content/Meshes/RightTouchForQuestRiftSController.uexp" 629
"../../../Engine/Plugins/Runtime/AR/Google/GoogleARCore/Content/M_SceneDepthOcclusion.uasset" 630
"../../../Engine/Plugins/Runtime/AR/Google/GoogleARCore/Content/M_SceneDepthOcclusion.uexp" 631
"../../../Engine/Content/MapTemplates/Sky/DaylightAmbientCubemap.uasset" 632
"../../../Engine/Content/MapTemplates/Sky/DaylightAmbientCubemap.uexp" 633
"A:/ChengProjects/UE_4.27/ARTest/Content/HandheldAR/Maps/HandheldARBlankMap_BuiltData.uasset" 634
"A:/ChengProjects/UE_4.27/ARTest/Content/HandheldAR/Maps/HandheldARBlankMap_BuiltData.uexp" 635
"A:/ChengProjects/UE_4.27/ARTest/Content/HandheldAR/Blueprints/GameFramework/BP_ARPlayerController.uasset" 636
"A:/ChengProjects/UE_4.27/ARTest/Content/HandheldAR/Blueprints/GameFramework/BP_ARPlayerController.uexp" 637
"A:/ChengProjects/UE_4.27/ARTest/Content/mx2/Dog/SmallDog_diff.uasset" 638
"A:/ChengProjects/UE_4.27/ARTest/Content/mx2/Dog/SmallDog_diff.uexp" 639
"A:/ChengProjects/UE_4.27/ARTest/Content/mx2/Dog/SmallDog_diff.ubulk" 640
"A:/ChengProjects/UE_4.27/ARTest/Content/mx2/Dog/Material__35.uasset" 641
"A:/ChengProjects/UE_4.27/ARTest/Content/mx2/Dog/Material__35.uexp" 642
"A:/ChengProjects/UE_4.27/ARTest/Content/mx2/Dog/MI_DorgBark.uasset" 643
"A:/ChengProjects/UE_4.27/ARTest/Content/mx2/Dog/MI_DorgBark.uexp" 644
"A:/ChengProjects/UE_4.27/ARTest/Content/mx2/Snail/Snails3_Skeleton.uasset" 645
"A:/ChengProjects/UE_4.27/ARTest/Content/mx2/Snail/Snails3_Skeleton.uexp" 646
"../../../Engine/Content/Animation/DefaultAnimCurveCompressionSettings.uasset" 647
"../../../Engine/Content/Animation/DefaultAnimCurveCompressionSettings.uexp" 648
"../../../Engine/Content/Animation/DefaultAnimBoneCompressionSettings.uasset" 649
"../../../Engine/Content/Animation/DefaultAnimBoneCompressionSettings.uexp" 650
"A:/ChengProjects/UE_4.27/ARTest/Content/mx2/Snail1/Snails_Anim_Idle.uasset" 651
"A:/ChengProjects/UE_4.27/ARTest/Content/mx2/Snail1/Snails_Anim_Idle.uexp" 652
"A:/ChengProjects/UE_4.27/ARTest/Content/mx2/Snail/Snails_Anim_Walk.uasset" 653
"A:/ChengProjects/UE_4.27/ARTest/Content/mx2/Snail/Snails_Anim_Walk.uexp" 654
"A:/ChengProjects/UE_4.27/ARTest/Content/mx2/Dog/dog2_bark_Skeleton.uasset" 655
"A:/ChengProjects/UE_4.27/ARTest/Content/mx2/Dog/dog2_bark_Skeleton.uexp" 656
"A:/ChengProjects/UE_4.27/ARTest/Content/mx2/Dog/dog2_bark_Anim.uasset" 657
"A:/ChengProjects/UE_4.27/ARTest/Content/mx2/Dog/dog2_bark_Anim.uexp" 658
"A:/ChengProjects/UE_4.27/ARTest/Content/BP/Mesh/Textures/T_Cloud_2.uasset" 659
"A:/ChengProjects/UE_4.27/ARTest/Content/BP/Mesh/Textures/T_Cloud_2.uexp" 660
"A:/ChengProjects/UE_4.27/ARTest/Content/BP/Mesh/Textures/T_Cloud_2.ubulk" 661
"A:/ChengProjects/UE_4.27/ARTest/Content/mx2/Cloud/M_Cloud1.uasset" 662
"A:/ChengProjects/UE_4.27/ARTest/Content/mx2/Cloud/M_Cloud1.uexp" 663
"A:/ChengProjects/UE_4.27/ARTest/Content/BP/Mesh/Textures/3d66Model-1120818-files-13_3dsmaxcrop_2_2_Tex.uasset" 664
"A:/ChengProjects/UE_4.27/ARTest/Content/BP/Mesh/Textures/3d66Model-1120818-files-13_3dsmaxcrop_2_2_Tex.uexp" 665
"A:/ChengProjects/UE_4.27/ARTest/Content/BP/Mesh/Textures/3d66Model-1120818-files-13_3dsmaxcrop_2_2_Tex.ubulk" 666
"A:/ChengProjects/UE_4.27/ARTest/Content/BP/Material/NewMaterialParameterCollection.uasset" 667
"A:/ChengProjects/UE_4.27/ARTest/Content/BP/Material/NewMaterialParameterCollection.uexp" 668
"../../../Engine/Content/Functions/Engine_MaterialFunctions01/WorldPositionOffset/SimpleGrassWind.uasset" 669
"../../../Engine/Content/Functions/Engine_MaterialFunctions01/WorldPositionOffset/SimpleGrassWind.uexp" 670
"A:/ChengProjects/UE_4.27/ARTest/Content/BP/Material/NewMaterialFunction.uasset" 671
"A:/ChengProjects/UE_4.27/ARTest/Content/BP/Material/NewMaterialFunction.uexp" 672
"A:/ChengProjects/UE_4.27/ARTest/Content/BP/Mesh/Materials/Master/NewMaterial.uasset" 673
"A:/ChengProjects/UE_4.27/ARTest/Content/BP/Mesh/Materials/Master/NewMaterial.uexp" 674
"A:/ChengProjects/UE_4.27/ARTest/Content/BP/Mesh/Materials/Master/MI_1.uasset" 675
"A:/ChengProjects/UE_4.27/ARTest/Content/BP/Mesh/Materials/Master/MI_1.uexp" 676
"../../../Engine/Content/BasicShapes/BasicShapeMaterial.uasset" 677
"../../../Engine/Content/BasicShapes/BasicShapeMaterial.uexp" 678
"A:/ChengProjects/UE_4.27/ARTest/Content/mx2/Snail/Snails3_PhysicsAsset.uasset" 679
"A:/ChengProjects/UE_4.27/ARTest/Content/mx2/Snail/Snails3_PhysicsAsset.uexp" 680
"A:/ChengProjects/UE_4.27/ARTest/Content/mx2/Snail/M_Snail.uasset" 681
"A:/ChengProjects/UE_4.27/ARTest/Content/mx2/Snail/M_Snail.uexp" 682
"A:/ChengProjects/UE_4.27/ARTest/Content/mx2/Snail/Snails3.uasset" 683
"A:/ChengProjects/UE_4.27/ARTest/Content/mx2/Snail/Snails3.uexp" 684
"A:/ChengProjects/UE_4.27/ARTest/Content/mx2/Dog/dog2_bark_PhysicsAsset.uasset" 685
"A:/ChengProjects/UE_4.27/ARTest/Content/mx2/Dog/dog2_bark_PhysicsAsset.uexp" 686
"A:/ChengProjects/UE_4.27/ARTest/Content/mx2/Dog/dog2_bark.uasset" 687
"A:/ChengProjects/UE_4.27/ARTest/Content/mx2/Dog/dog2_bark.uexp" 688
"A:/ChengProjects/UE_4.27/ARTest/Content/mx2/Cloud/Poly_cloud_3_Low.uasset" 689
"A:/ChengProjects/UE_4.27/ARTest/Content/mx2/Cloud/Poly_cloud_3_Low.uexp" 690
"A:/ChengProjects/UE_4.27/ARTest/Content/BP/Mesh/Textures/T_Cloud_1.uasset" 691
"A:/ChengProjects/UE_4.27/ARTest/Content/BP/Mesh/Textures/T_Cloud_1.uexp" 692
"A:/ChengProjects/UE_4.27/ARTest/Content/BP/Mesh/Textures/T_Cloud_1.ubulk" 693
"A:/ChengProjects/UE_4.27/ARTest/Content/mx2/Cloud/M_Cloud.uasset" 694
"A:/ChengProjects/UE_4.27/ARTest/Content/mx2/Cloud/M_Cloud.uexp" 695
"A:/ChengProjects/UE_4.27/ARTest/Content/mx2/Cloud/Poly_cloud_2_Low.uasset" 696
"A:/ChengProjects/UE_4.27/ARTest/Content/mx2/Cloud/Poly_cloud_2_Low.uexp" 697
"A:/ChengProjects/UE_4.27/ARTest/Content/mx2/Board/typeBlinn.uasset" 698
"A:/ChengProjects/UE_4.27/ARTest/Content/mx2/Board/typeBlinn.uexp" 699
"A:/ChengProjects/UE_4.27/ARTest/Content/mx2/Board/TM_Signboards.uasset" 700
"A:/ChengProjects/UE_4.27/ARTest/Content/mx2/Board/TM_Signboards.uexp" 701
"A:/ChengProjects/UE_4.27/ARTest/Content/HandheldAR/Blueprints/UI/Icons/T_Icon_Reset_01.uasset" 702
"A:/ChengProjects/UE_4.27/ARTest/Content/HandheldAR/Blueprints/UI/Icons/T_Icon_Reset_01.uexp" 703
"A:/ChengProjects/UE_4.27/ARTest/Content/HandheldAR/Blueprints/UI/Icons/T_Icon_Close.uasset" 704
"A:/ChengProjects/UE_4.27/ARTest/Content/HandheldAR/Blueprints/UI/Icons/T_Icon_Close.uexp" 705
"A:/ChengProjects/UE_4.27/ARTest/Content/BP/UI/WPG_Interact.uasset" 706
"A:/ChengProjects/UE_4.27/ARTest/Content/BP/UI/WPG_Interact.uexp" 707
"A:/ChengProjects/UE_4.27/ARTest/Content/BP/Mesh/Materials/Master/Mat3d66-1120818-42-2275.uasset" 708
"A:/ChengProjects/UE_4.27/ARTest/Content/BP/Mesh/Materials/Master/Mat3d66-1120818-42-2275.uexp" 709
"A:/ChengProjects/UE_4.27/ARTest/Content/BP/Mesh/Materials/Mat3d66-1120818-9-1571.uasset" 710
"A:/ChengProjects/UE_4.27/ARTest/Content/BP/Mesh/Materials/Mat3d66-1120818-9-1571.uexp" 711
"A:/ChengProjects/UE_4.27/ARTest/Content/BP/Mesh/Materials/Mat3d66-1120818-7-6381.uasset" 712
"A:/ChengProjects/UE_4.27/ARTest/Content/BP/Mesh/Materials/Mat3d66-1120818-7-6381.uexp" 713
"A:/ChengProjects/UE_4.27/ARTest/Content/BP/Mesh/Materials/Master/Mat3d66-1120818-6-3377.uasset" 714
"A:/ChengProjects/UE_4.27/ARTest/Content/BP/Mesh/Materials/Master/Mat3d66-1120818-6-3377.uexp" 715
"A:/ChengProjects/UE_4.27/ARTest/Content/BP/Mesh/Materials/Mat3d66-1120818-6-3377.uasset" 716
"A:/ChengProjects/UE_4.27/ARTest/Content/BP/Mesh/Materials/Mat3d66-1120818-6-3377.uexp" 717
"A:/ChengProjects/UE_4.27/ARTest/Content/BP/Mesh/Materials/Mat3d66-1120818-41-178.uasset" 718
"A:/ChengProjects/UE_4.27/ARTest/Content/BP/Mesh/Materials/Mat3d66-1120818-41-178.uexp" 719
"A:/ChengProjects/UE_4.27/ARTest/Content/BP/Mesh/Textures/3d66Model-1120818-files-10_3dsmaxcrop_2_2_Tex.uasset" 720
"A:/ChengProjects/UE_4.27/ARTest/Content/BP/Mesh/Textures/3d66Model-1120818-files-10_3dsmaxcrop_2_2_Tex.uexp" 721
"A:/ChengProjects/UE_4.27/ARTest/Content/BP/Mesh/Textures/3d66Model-1120818-files-10_3dsmaxcrop_2_2_Tex.ubulk" 722
"A:/ChengProjects/UE_4.27/ARTest/Content/BP/Mesh/Textures/3d66Model-1120818-files-8_3dsmaxcrop_2_2_Tex.uasset" 723
"A:/ChengProjects/UE_4.27/ARTest/Content/BP/Mesh/Textures/3d66Model-1120818-files-8_3dsmaxcrop_2_2_Tex.uexp" 724
"A:/ChengProjects/UE_4.27/ARTest/Content/BP/Mesh/Textures/3d66Model-1120818-files-8_3dsmaxcrop_2_2_Tex.ubulk" 725
"A:/ChengProjects/UE_4.27/ARTest/Content/BP/Mesh/Materials/Master/Mat3d66-1120818-8-2725.uasset" 726
"A:/ChengProjects/UE_4.27/ARTest/Content/BP/Mesh/Materials/Master/Mat3d66-1120818-8-2725.uexp" 727
"A:/ChengProjects/UE_4.27/ARTest/Content/BP/Mesh/Materials/Mat3d66-1120818-3-8337.uasset" 728
"A:/ChengProjects/UE_4.27/ARTest/Content/BP/Mesh/Materials/Mat3d66-1120818-3-8337.uexp" 729
"A:/ChengProjects/UE_4.27/ARTest/Content/BP/Mesh/Materials/Mat3d66-1120818-22-6978.uasset" 730
"A:/ChengProjects/UE_4.27/ARTest/Content/BP/Mesh/Materials/Mat3d66-1120818-22-6978.uexp" 731
"A:/ChengProjects/UE_4.27/ARTest/Content/BP/Mesh/Materials/Mat3d66-1120818-21-2984.uasset" 732
"A:/ChengProjects/UE_4.27/ARTest/Content/BP/Mesh/Materials/Mat3d66-1120818-21-2984.uexp" 733
"A:/ChengProjects/UE_4.27/ARTest/Content/BP/Mesh/Textures/3d66Model-1120818-files-6_2_2_Tex.uasset" 734
"A:/ChengProjects/UE_4.27/ARTest/Content/BP/Mesh/Textures/3d66Model-1120818-files-6_2_2_Tex.uexp" 735
"A:/ChengProjects/UE_4.27/ARTest/Content/BP/Mesh/Textures/3d66Model-1120818-files-6_2_2_Tex.ubulk" 736
"A:/ChengProjects/UE_4.27/ARTest/Content/BP/Mesh/Textures/3d66Model-1120818-files-4_2_2_Tex.uasset" 737
"A:/ChengProjects/UE_4.27/ARTest/Content/BP/Mesh/Textures/3d66Model-1120818-files-4_2_2_Tex.uexp" 738
"A:/ChengProjects/UE_4.27/ARTest/Content/BP/Mesh/Textures/3d66Model-1120818-files-4_2_2_Tex.ubulk" 739
"A:/ChengProjects/UE_4.27/ARTest/Content/BP/Mesh/Materials/Master/Mat3d66-1120818-18-1834.uasset" 740
"A:/ChengProjects/UE_4.27/ARTest/Content/BP/Mesh/Materials/Master/Mat3d66-1120818-18-1834.uexp" 741
"A:/ChengProjects/UE_4.27/ARTest/Content/BP/Mesh/Materials/Mat3d66-1120818-19-1810.uasset" 742
"A:/ChengProjects/UE_4.27/ARTest/Content/BP/Mesh/Materials/Mat3d66-1120818-19-1810.uexp" 743
"A:/ChengProjects/UE_4.27/ARTest/Content/BP/Mesh/Materials/Mat3d66-1120818-18-1834.uasset" 744
"A:/ChengProjects/UE_4.27/ARTest/Content/BP/Mesh/Materials/Mat3d66-1120818-18-1834.uexp" 745
"A:/ChengProjects/UE_4.27/ARTest/Content/BP/Mesh/Materials/Mat3d66-1120818-17-1854.uasset" 746
"A:/ChengProjects/UE_4.27/ARTest/Content/BP/Mesh/Materials/Mat3d66-1120818-17-1854.uexp" 747
"A:/ChengProjects/UE_4.27/ARTest/Content/BP/Mesh/Materials/Mat3d66-1120818-12-1032.uasset" 748
"A:/ChengProjects/UE_4.27/ARTest/Content/BP/Mesh/Materials/Mat3d66-1120818-12-1032.uexp" 749
"A:/ChengProjects/UE_4.27/ARTest/Content/BP/Mesh/Materials/Mat3d66-1120818-1-4674.uasset" 750
"A:/ChengProjects/UE_4.27/ARTest/Content/BP/Mesh/Materials/Mat3d66-1120818-1-4674.uexp" 751
"A:/ChengProjects/UE_4.27/ARTest/Content/BP/Mesh/Materials/Master/MI_2.uasset" 752
"A:/ChengProjects/UE_4.27/ARTest/Content/BP/Mesh/Materials/Master/MI_2.uexp" 753
"A:/ChengProjects/UE_4.27/ARTest/Content/BP/Mesh/Materials/Mat3d66-1120818-5-1611.uasset" 754
"A:/ChengProjects/UE_4.27/ARTest/Content/BP/Mesh/Materials/Mat3d66-1120818-5-1611.uexp" 755
"A:/ChengProjects/UE_4.27/ARTest/Content/BP/Mesh/Textures/3d66Model-1120818-files-11_3dsmaxcrop_2_2_Tex.uasset" 756
"A:/ChengProjects/UE_4.27/ARTest/Content/BP/Mesh/Textures/3d66Model-1120818-files-11_3dsmaxcrop_2_2_Tex.uexp" 757
"A:/ChengProjects/UE_4.27/ARTest/Content/BP/Mesh/Textures/3d66Model-1120818-files-11_3dsmaxcrop_2_2_Tex.ubulk" 758
"A:/ChengProjects/UE_4.27/ARTest/Content/BP/Mesh/Materials/Mat3d66-1120818-11-7313.uasset" 759
"A:/ChengProjects/UE_4.27/ARTest/Content/BP/Mesh/Materials/Mat3d66-1120818-11-7313.uexp" 760
"A:/ChengProjects/UE_4.27/ARTest/Content/BP/Mesh/Textures/3d66Model-1120818-files-7_3dsmaxcrop_2_2_Tex.uasset" 761
"A:/ChengProjects/UE_4.27/ARTest/Content/BP/Mesh/Textures/3d66Model-1120818-files-7_3dsmaxcrop_2_2_Tex.uexp" 762
"A:/ChengProjects/UE_4.27/ARTest/Content/BP/Mesh/Textures/3d66Model-1120818-files-7_3dsmaxcrop_2_2_Tex.ubulk" 763
"A:/ChengProjects/UE_4.27/ARTest/Content/BP/Mesh/Materials/Mat3d66-1120818-10-9500.uasset" 764
"A:/ChengProjects/UE_4.27/ARTest/Content/BP/Mesh/Materials/Mat3d66-1120818-10-9500.uexp" 765
"A:/ChengProjects/UE_4.27/ARTest/Content/BP/Mesh/Materials/Master/NewMaterial2.uasset" 766
"A:/ChengProjects/UE_4.27/ARTest/Content/BP/Mesh/Materials/Master/NewMaterial2.uexp" 767
"A:/ChengProjects/UE_4.27/ARTest/Content/BP/Mesh/Textures/3d66Model-1120818-files-1_3dsmaxcrop_2_2_Tex.uasset" 768
"A:/ChengProjects/UE_4.27/ARTest/Content/BP/Mesh/Textures/3d66Model-1120818-files-1_3dsmaxcrop_2_2_Tex.uexp" 769
"A:/ChengProjects/UE_4.27/ARTest/Content/BP/Mesh/Textures/3d66Model-1120818-files-1_3dsmaxcrop_2_2_Tex.ubulk" 770
"A:/ChengProjects/UE_4.27/ARTest/Content/BP/Mesh/Materials/Master/NewMaterial1.uasset" 771
"A:/ChengProjects/UE_4.27/ARTest/Content/BP/Mesh/Materials/Master/NewMaterial1.uexp" 772
"A:/ChengProjects/UE_4.27/ARTest/Content/BP/Mesh/SM_Forest.uasset" 773
"A:/ChengProjects/UE_4.27/ARTest/Content/BP/Mesh/SM_Forest.uexp" 774
"A:/ChengProjects/UE_4.27/ARTest/Content/BP/Audios/LightRain_1.uasset" 775
"A:/ChengProjects/UE_4.27/ARTest/Content/BP/Audios/LightRain_1.uexp" 776
"A:/ChengProjects/UE_4.27/ARTest/Content/BP/Audios/Audios_DogBark.uasset" 777
"A:/ChengProjects/UE_4.27/ARTest/Content/BP/Audios/Audios_DogBark.uexp" 778
"../../../Engine/Content/BasicShapes/Plane.uasset" 779
"../../../Engine/Content/BasicShapes/Plane.uexp" 780
"../../../Engine/Plugins/FX/Niagara/Content/Enums/Ribbons/ENiagara_UnsetDirectSetRandom.uasset" 781
"../../../Engine/Plugins/FX/Niagara/Content/Enums/Ribbons/ENiagara_UnsetDirectSetRandom.uexp" 782
"../../../Engine/Plugins/FX/Niagara/Content/Enums/ENiagaraSystemInactiveMode.uasset" 783
"../../../Engine/Plugins/FX/Niagara/Content/Enums/ENiagaraSystemInactiveMode.uexp" 784
"../../../Engine/Plugins/FX/Niagara/Content/Enums/ENiagaraScaleColorMode.uasset" 785
"../../../Engine/Plugins/FX/Niagara/Content/Enums/ENiagaraScaleColorMode.uexp" 786
"../../../Engine/Plugins/FX/Niagara/Content/Enums/ENiagaraRestitutionMergeType.uasset" 787
"../../../Engine/Plugins/FX/Niagara/Content/Enums/ENiagaraRestitutionMergeType.uexp" 788
"../../../Engine/Plugins/FX/Niagara/Content/Enums/ENiagaraRandomnessMode.uasset" 789
"../../../Engine/Plugins/FX/Niagara/Content/Enums/ENiagaraRandomnessMode.uexp" 790
"../../../Engine/Plugins/FX/Niagara/Content/Enums/ENiagaraInactiveMode.uasset" 791
"../../../Engine/Plugins/FX/Niagara/Content/Enums/ENiagaraInactiveMode.uexp" 792
"../../../Engine/Plugins/FX/Niagara/Content/Enums/ENiagaraFrictionMergeType.uasset" 793
"../../../Engine/Plugins/FX/Niagara/Content/Enums/ENiagaraFrictionMergeType.uexp" 794
"../../../Engine/Plugins/FX/Niagara/Content/Enums/ENiagaraExpansionMode.uasset" 795
"../../../Engine/Plugins/FX/Niagara/Content/Enums/ENiagaraExpansionMode.uexp" 796
"../../../Engine/Plugins/FX/Niagara/Content/Enums/ENiagaraEmitterScalabilityMode_Limited.uasset" 797
"../../../Engine/Plugins/FX/Niagara/Content/Enums/ENiagaraEmitterScalabilityMode_Limited.uexp" 798
"../../../Engine/Plugins/FX/Niagara/Content/Enums/ENiagaraEmitterLifeCycleMode.uasset" 799
"../../../Engine/Plugins/FX/Niagara/Content/Enums/ENiagaraEmitterLifeCycleMode.uexp" 800
"../../../Engine/Plugins/FX/Niagara/Content/Enums/ENiagaraCollisionRadiusOptions.uasset" 801
"../../../Engine/Plugins/FX/Niagara/Content/Enums/ENiagaraCollisionRadiusOptions.uexp" 802
"../../../Engine/Plugins/FX/Niagara/Content/Enums/ENiagaraChannelCorrelation.uasset" 803
"../../../Engine/Plugins/FX/Niagara/Content/Enums/ENiagaraChannelCorrelation.uexp" 804
"../../../Engine/Plugins/FX/Niagara/Content/Enums/ENiagaraCalculateRadiusOptions.uasset" 805
"../../../Engine/Plugins/FX/Niagara/Content/Enums/ENiagaraCalculateRadiusOptions.uexp" 806
"../../../Engine/Plugins/FX/Niagara/Content/Enums/ENiagara_UVFlippingMode.uasset" 807
"../../../Engine/Plugins/FX/Niagara/Content/Enums/ENiagara_UVFlippingMode.uexp" 808
"../../../Engine/Plugins/FX/Niagara/Content/Enums/ENiagara_SpriteRotationMode.uasset" 809
"../../../Engine/Plugins/FX/Niagara/Content/Enums/ENiagara_SpriteRotationMode.uexp" 810
"../../../Engine/Plugins/FX/Niagara/Content/Enums/ENiagara_SizeScaleMode.uasset" 811
"../../../Engine/Plugins/FX/Niagara/Content/Enums/ENiagara_SizeScaleMode.uexp" 812
"../../../Engine/Plugins/FX/Niagara/Content/Enums/ENiagara_PositionInitializationMode.uasset" 813
"../../../Engine/Plugins/FX/Niagara/Content/Enums/ENiagara_PositionInitializationMode.uexp" 814
"../../../Engine/Plugins/FX/Niagara/Content/Enums/ENiagara_MassInitializationMode.uasset" 815
"../../../Engine/Plugins/FX/Niagara/Content/Enums/ENiagara_MassInitializationMode.uexp" 816
"../../../Engine/Plugins/FX/Niagara/Content/Enums/ENiagara_InfiniteLoopDuration.uasset" 817
"../../../Engine/Plugins/FX/Niagara/Content/Enums/ENiagara_InfiniteLoopDuration.uexp" 818
"../../../Engine/Plugins/FX/Niagara/Content/Enums/ENiagara_GPUCollisionType.uasset" 819
"../../../Engine/Plugins/FX/Niagara/Content/Enums/ENiagara_GPUCollisionType.uexp" 820
"../../../Engine/Plugins/FX/Niagara/Content/Enums/ENiagara_EmitterStateOptions.uasset" 821
"../../../Engine/Plugins/FX/Niagara/Content/Enums/ENiagara_EmitterStateOptions.uexp" 822
"../../../Engine/Plugins/FX/Niagara/Content/Enums/ENiagara_CPUCollisionType.uasset" 823
"../../../Engine/Plugins/FX/Niagara/Content/Enums/ENiagara_CPUCollisionType.uexp" 824
"../../../Engine/Plugins/FX/Niagara/Content/Enums/ENiagara_ColorInitializationMode.uasset" 825
"../../../Engine/Plugins/FX/Niagara/Content/Enums/ENiagara_ColorInitializationMode.uexp" 826
"../../../Engine/Plugins/FX/Niagara/Content/Modules/Update/Lifetime/ParticleState.uasset" 827
"../../../Engine/Plugins/FX/Niagara/Content/Modules/Update/Lifetime/ParticleState.uexp" 828
"../../../Engine/Plugins/FX/Niagara/Content/Modules/Update/Lifetime/KillParticles.uasset" 829
"../../../Engine/Plugins/FX/Niagara/Content/Modules/Update/Lifetime/KillParticles.uexp" 830
"../../../Engine/Plugins/FX/Niagara/Content/Functions/Localspace/TransformBase.uasset" 831
"../../../Engine/Plugins/FX/Niagara/Content/Functions/Localspace/TransformBase.uexp" 832
"../../../Engine/Plugins/FX/Niagara/Content/Functions/Localspace/TransformVector.uasset" 833
"../../../Engine/Plugins/FX/Niagara/Content/Functions/Localspace/TransformVector.uexp" 834
"../../../Engine/Plugins/FX/Niagara/Content/Modules/Update/Forces/GravityForce.uasset" 835
"../../../Engine/Plugins/FX/Niagara/Content/Modules/Update/Forces/GravityForce.uexp" 836
"../../../Engine/Plugins/FX/Niagara/Content/Modules/Update/Forces/Drag.uasset" 837
"../../../Engine/Plugins/FX/Niagara/Content/Modules/Update/Forces/Drag.uexp" 838
"../../../Engine/Plugins/FX/Niagara/Content/Modules/Update/Color/ScaleColor.uasset" 839
"../../../Engine/Plugins/FX/Niagara/Content/Modules/Update/Color/ScaleColor.uexp" 840
"../../../Engine/Plugins/FX/Niagara/Content/Functions/System/SystemChangeState.uasset" 841
"../../../Engine/Plugins/FX/Niagara/Content/Functions/System/SystemChangeState.uexp" 842
"../../../Engine/Plugins/FX/Niagara/Content/Modules/System/SystemState.uasset" 843
"../../../Engine/Plugins/FX/Niagara/Content/Modules/System/SystemState.uexp" 844
"../../../Engine/Plugins/FX/Niagara/Content/Modules/Spawn/Velocity/AddVelocity.uasset" 845
"../../../Engine/Plugins/FX/Niagara/Content/Modules/Spawn/Velocity/AddVelocity.uexp" 846
"../../../Engine/Plugins/FX/Niagara/Content/Functions/GetRandomInfo.uasset" 847
"../../../Engine/Plugins/FX/Niagara/Content/Functions/GetRandomInfo.uexp" 848
"../../../Engine/Plugins/FX/Niagara/Content/Functions/RandomRangeFloat.uasset" 849
"../../../Engine/Plugins/FX/Niagara/Content/Functions/RandomRangeFloat.uexp" 850
"../../../Engine/Plugins/FX/Niagara/Content/Functions/RandomPointInBox.uasset" 851
"../../../Engine/Plugins/FX/Niagara/Content/Functions/RandomPointInBox.uexp" 852
"../../../Engine/Plugins/FX/Niagara/Content/Functions/IsolateLongestVectorComponent.uasset" 853
"../../../Engine/Plugins/FX/Niagara/Content/Functions/IsolateLongestVectorComponent.uexp" 854
"../../../Engine/Plugins/FX/Niagara/Content/Functions/Rotation/RotateAngleOnAxis.uasset" 855
"../../../Engine/Plugins/FX/Niagara/Content/Functions/Rotation/RotateAngleOnAxis.uexp" 856
"../../../Engine/Plugins/FX/Niagara/Content/Functions/Localspace/SimulationPosition.uasset" 857
"../../../Engine/Plugins/FX/Niagara/Content/Functions/Localspace/SimulationPosition.uexp" 858
"../../../Engine/Plugins/FX/Niagara/Content/Modules/Spawn/Location/BoxLocation.uasset" 859
"../../../Engine/Plugins/FX/Niagara/Content/Modules/Spawn/Location/BoxLocation.uexp" 860
"../../../Engine/Plugins/FX/Niagara/Content/Enums/ENiagara_LifetimeMode.uasset" 861
"../../../Engine/Plugins/FX/Niagara/Content/Enums/ENiagara_LifetimeMode.uexp" 862
"../../../Engine/Plugins/FX/Niagara/Content/Enums/ENiagaraRandomnessEvaluation.uasset" 863
"../../../Engine/Plugins/FX/Niagara/Content/Enums/ENiagaraRandomnessEvaluation.uexp" 864
"../../../Engine/Plugins/FX/Niagara/Content/Functions/V2/CalculateRandomRangeInteger.uasset" 865
"../../../Engine/Plugins/FX/Niagara/Content/Functions/V2/CalculateRandomRangeInteger.uexp" 866
"../../../Engine/Plugins/FX/Niagara/Content/Functions/V2/CalculateRandomBool.uasset" 867
"../../../Engine/Plugins/FX/Niagara/Content/Functions/V2/CalculateRandomBool.uexp" 868
"../../../Engine/Plugins/FX/Niagara/Content/Functions/V2/CalculateRandomRangeFloat.uasset" 869
"../../../Engine/Plugins/FX/Niagara/Content/Functions/V2/CalculateRandomRangeFloat.uexp" 870
"../../../Engine/Plugins/FX/Niagara/Content/Functions/V2/CalculateRandomRange.uasset" 871
"../../../Engine/Plugins/FX/Niagara/Content/Functions/V2/CalculateRandomRange.uexp" 872
"../../../Engine/Plugins/FX/Niagara/Content/Functions/LinearColor/HueShiftLinearColor.uasset" 873
"../../../Engine/Plugins/FX/Niagara/Content/Functions/LinearColor/HueShiftLinearColor.uexp" 874
"../../../Engine/Plugins/FX/Niagara/Content/Modules/Spawn/Initialization/V2/InitializeParticle.uasset" 875
"../../../Engine/Plugins/FX/Niagara/Content/Modules/Spawn/Initialization/V2/InitializeParticle.uexp" 876
"../../../Engine/Plugins/FX/Niagara/Content/Functions/DirectionAndLengthSafe.uasset" 877
"../../../Engine/Plugins/FX/Niagara/Content/Functions/DirectionAndLengthSafe.uexp" 878
"../../../Engine/Plugins/FX/Niagara/Content/Modules/Solvers/SolveForcesAndVelocity.uasset" 879
"../../../Engine/Plugins/FX/Niagara/Content/Modules/Solvers/SolveForcesAndVelocity.uexp" 880
"../../../Engine/Plugins/FX/Niagara/Content/Functions/Helpers/SetBoolByTimer.uasset" 881
"../../../Engine/Plugins/FX/Niagara/Content/Functions/Helpers/SetBoolByTimer.uexp" 882
"../../../Engine/Plugins/FX/Niagara/Content/DefaultAssets/Structs/CollisionEvent.uasset" 883
"../../../Engine/Plugins/FX/Niagara/Content/DefaultAssets/Structs/CollisionEvent.uexp" 884
"../../../Engine/Plugins/FX/Niagara/Content/Modules/Events/GenerateCollisionEvent.uasset" 885
"../../../Engine/Plugins/FX/Niagara/Content/Modules/Events/GenerateCollisionEvent.uexp" 886
"../../../Engine/Plugins/FX/Niagara/Content/Modules/Emitter/SpawnRate.uasset" 887
"../../../Engine/Plugins/FX/Niagara/Content/Modules/Emitter/SpawnRate.uexp" 888
"../../../Engine/Plugins/FX/Niagara/Content/Functions/Emitter/EmitterChangeState.uasset" 889
"../../../Engine/Plugins/FX/Niagara/Content/Functions/Emitter/EmitterChangeState.uexp" 890
"../../../Engine/Plugins/FX/Niagara/Content/Enums/ENiagaraExecutionStateManagement.uasset" 891
"../../../Engine/Plugins/FX/Niagara/Content/Enums/ENiagaraExecutionStateManagement.uexp" 892
"../../../Engine/Plugins/FX/Niagara/Content/Modules/Emitter/EmitterState.uasset" 893
"../../../Engine/Plugins/FX/Niagara/Content/Modules/Emitter/EmitterState.uexp" 894
"../../../Engine/Plugins/FX/Niagara/Content/Modules/Collision/SceneDepthTest.uasset" 895
"../../../Engine/Plugins/FX/Niagara/Content/Modules/Collision/SceneDepthTest.uexp" 896
"../../../Engine/Plugins/FX/Niagara/Content/Modules/Collision/NiagaraDistanceFieldCollisions.uasset" 897
"../../../Engine/Plugins/FX/Niagara/Content/Modules/Collision/NiagaraDistanceFieldCollisions.uexp" 898
"../../../Engine/Plugins/FX/Niagara/Content/Functions/Rotation/MultiplyVectorWithQuaternion.uasset" 899
"../../../Engine/Plugins/FX/Niagara/Content/Functions/Rotation/MultiplyVectorWithQuaternion.uexp" 900
"../../../Engine/Plugins/FX/Niagara/Content/Functions/Rotation/FindQuatBetween.uasset" 901
"../../../Engine/Plugins/FX/Niagara/Content/Functions/Rotation/FindQuatBetween.uexp" 902
"../../../Engine/Plugins/FX/Niagara/Content/Functions/Collision/RandomizeCollisionNormals.uasset" 903
"../../../Engine/Plugins/FX/Niagara/Content/Functions/Collision/RandomizeCollisionNormals.uexp" 904
"../../../Engine/Plugins/FX/Niagara/Content/Functions/Collision/PlaneSphereCollisionDetection.uasset" 905
"../../../Engine/Plugins/FX/Niagara/Content/Functions/Collision/PlaneSphereCollisionDetection.uexp" 906
"../../../Engine/Plugins/FX/Niagara/Content/Functions/ReflectVector.uasset" 907
"../../../Engine/Plugins/FX/Niagara/Content/Functions/ReflectVector.uexp" 908
"../../../Engine/Plugins/FX/Niagara/Content/Functions/ProjectVectorOnPlane.uasset" 909
"../../../Engine/Plugins/FX/Niagara/Content/Functions/ProjectVectorOnPlane.uexp" 910
"../../../Engine/Plugins/FX/Niagara/Content/Functions/Math/CentimeterMeterConversion.uasset" 911
"../../../Engine/Plugins/FX/Niagara/Content/Functions/Math/CentimeterMeterConversion.uexp" 912
"../../../Engine/Plugins/FX/Niagara/Content/Modules/Collision/CollisionQueryAndResponse.uasset" 913
"../../../Engine/Plugins/FX/Niagara/Content/Modules/Collision/CollisionQueryAndResponse.uexp" 914
"../../../Engine/Plugins/FX/Niagara/Content/Functions/Helpers/DoOnce_fn.uasset" 915
"../../../Engine/Plugins/FX/Niagara/Content/Functions/Helpers/DoOnce_fn.uexp" 916
"../../../Engine/Plugins/FX/Niagara/Content/Functions/Rotation/AxisAngleToQuaternion.uasset" 917
"../../../Engine/Plugins/FX/Niagara/Content/Functions/Rotation/AxisAngleToQuaternion.uexp" 918
"../../../Engine/Plugins/FX/Niagara/Content/Functions/Rotation/MultiplyQuaternion.uasset" 919
"../../../Engine/Plugins/FX/Niagara/Content/Functions/Rotation/MultiplyQuaternion.uexp" 920
"../../../Engine/Plugins/FX/Niagara/Content/Functions/CalculateRadiusFromSpriteSize.uasset" 921
"../../../Engine/Plugins/FX/Niagara/Content/Functions/CalculateRadiusFromSpriteSize.uexp" 922
"../../../Engine/Plugins/FX/Niagara/Content/Functions/CalculateMeshRadius.uasset" 923
"../../../Engine/Plugins/FX/Niagara/Content/Functions/CalculateMeshRadius.uexp" 924
"../../../Engine/Plugins/FX/Niagara/Content/Functions/Localspace/TransformPosition.uasset" 925
"../../../Engine/Plugins/FX/Niagara/Content/Functions/Localspace/TransformPosition.uexp" 926
"../../../Engine/Plugins/FX/Niagara/Content/Modules/Collision/Collision.uasset" 927
"../../../Engine/Plugins/FX/Niagara/Content/Modules/Collision/Collision.uexp" 928
"../../../Engine/Plugins/FX/Niagara/Content/DynamicInputs/ValueFromCurve/FloatFromCurve.uasset" 929
"../../../Engine/Plugins/FX/Niagara/Content/DynamicInputs/ValueFromCurve/FloatFromCurve.uexp" 930
"../../../Engine/Plugins/FX/Niagara/Content/DefaultAssets/DefaultSpriteMaterial.uasset" 931
"../../../Engine/Plugins/FX/Niagara/Content/DefaultAssets/DefaultSpriteMaterial.uexp" 932
"A:/ChengProjects/UE_4.27/ARTest/Content/mx2/Rain.uasset" 933
"A:/ChengProjects/UE_4.27/ARTest/Content/mx2/Rain.uexp" 934
"A:/ChengProjects/UE_4.27/ARTest/Content/mx2/Snail/MI_Snail.uasset" 935
"A:/ChengProjects/UE_4.27/ARTest/Content/mx2/Snail/MI_Snail.uexp" 936
"A:/ChengProjects/UE_4.27/ARTest/Content/BP_Forest.uasset" 937
"A:/ChengProjects/UE_4.27/ARTest/Content/BP_Forest.uexp" 938
"../../../Engine/Content/EditorBlueprintResources/StandardMacros.uasset" 939
"../../../Engine/Content/EditorBlueprintResources/StandardMacros.uexp" 940
"A:/ChengProjects/UE_4.27/ARTest/Content/BP/Texture/T_DetechedImage.uasset" 941
"A:/ChengProjects/UE_4.27/ARTest/Content/BP/Texture/T_DetechedImage.uexp" 942
"A:/ChengProjects/UE_4.27/ARTest/Content/BP/Data/Data_Image.uasset" 943
"A:/ChengProjects/UE_4.27/ARTest/Content/BP/Data/Data_Image.uexp" 944
"A:/ChengProjects/UE_4.27/ARTest/Content/HandheldAR/D_ARSessionConfig.uasset" 945
"A:/ChengProjects/UE_4.27/ARTest/Content/HandheldAR/D_ARSessionConfig.uexp" 946
"A:/ChengProjects/UE_4.27/ARTest/Content/BP/Texture/T_Start.uasset" 947
"A:/ChengProjects/UE_4.27/ARTest/Content/BP/Texture/T_Start.uexp" 948
"A:/ChengProjects/UE_4.27/ARTest/Content/BP/UI/WPG_Start.uasset" 949
"A:/ChengProjects/UE_4.27/ARTest/Content/BP/UI/WPG_Start.uexp" 950
"A:/ChengProjects/UE_4.27/ARTest/Content/BP/Audios/Audios_BG.uasset" 951
"A:/ChengProjects/UE_4.27/ARTest/Content/BP/Audios/Audios_BG.uexp" 952
"A:/ChengProjects/UE_4.27/ARTest/Content/HandheldAR/Blueprints/GameFramework/BP_ARPawn.uasset" 953
"A:/ChengProjects/UE_4.27/ARTest/Content/HandheldAR/Blueprints/GameFramework/BP_ARPawn.uexp" 954
"A:/ChengProjects/UE_4.27/ARTest/Content/HandheldAR/Blueprints/GameFramework/BP_ARGameMode.uasset" 955
"A:/ChengProjects/UE_4.27/ARTest/Content/HandheldAR/Blueprints/GameFramework/BP_ARGameMode.uexp" 956
"A:/ChengProjects/UE_4.27/ARTest/Content/HandheldAR/Maps/HandheldARBlankMap.uexp" 957
"A:/ChengProjects/UE_4.27/ARTest/Content/HandheldAR/Maps/HandheldARBlankMap.umap" 958
"../../../Engine/Content/Maps/Entry_BuiltData.uasset" 959
"../../../Engine/Content/Maps/Entry_BuiltData.uexp" 960
"../../../Engine/Content/Maps/Entry.uexp" 961
"../../../Engine/Content/Maps/Entry.umap" 962
